#
# There is insufficient memory for the Java Runtime Environment to continue.
# Native memory allocation (malloc) failed to allocate 116896 bytes for Chunk::new
# Possible reasons:
#   The system is out of physical RAM or swap space
#   The process is running with CompressedOops enabled, and the Java Heap may be blocking the growth of the native heap
# Possible solutions:
#   Reduce memory load on the system
#   Increase physical memory or swap space
#   Check if swap backing store is full
#   Decrease Java heap size (-Xmx/-Xms)
#   Decrease number of Java threads
#   Decrease Java thread stack sizes (-Xss)
#   Set larger code cache with -XX:ReservedCodeCacheSize=
#   JVM is running with Unscaled Compressed Oops mode in which the Java heap is
#     placed in the first 4GB address space. The Java Heap base address is the
#     maximum limit for the native heap growth. Please use -XX:HeapBaseMinAddress
#     to set the Java Heap base and to place the Java Heap above 4GB virtual address.
# This output file may be truncated or incomplete.
#
#  Out of Memory Error (t:/workspace/open/src/hotspot/share/memory/arena.cpp:198), pid=12604, tid=8964
#
# JRE version: Java(TM) SE Runtime Environment (10.0.1+10) (build 10.0.1+10)
# Java VM: Java HotSpot(TM) 64-Bit Server VM (10.0.1+10, mixed mode, tiered, compressed oops, g1 gc, windows-amd64)
# No core dump will be written. Minidumps are not enabled by default on client versions of Windows
#

---------------  S U M M A R Y ------------

Command Line: -agentlib:jdwp=transport=dt_socket,address=127.0.0.1:12187,suspend=y,server=n -ea -Didea.test.cyclic.buffer.size=1048576 -javaagent:C:\Users\王\.IntelliJIdea2019.3\system\captureAgent\debugger-agent.jar -Dfile.encoding=UTF-8 com.intellij.rt.junit.JUnitStarter -ideVersion5 -junit5 com.viviwilliam.mmall.service.impl.ProductCategoryServiceImplTest,getRecommendProductCategoryVO

Host: Intel(R) Core(TM) i5-6300HQ CPU @ 2.30GHz, 4 cores, 7G,  Windows 10 , 64 bit Build 19041 (10.0.19041.928)
Time: Mon May 31 10:53:41 2021 ?D1ú±ê×?ê±?? elapsed time: 5 seconds (0d 0h 0m 5s)

---------------  T H R E A D  ---------------

Current thread (0x000001857b0db000):  JavaThread "C2 CompilerThread0" daemon [_thread_in_native, id=8964, stack(0x0000000f49100000,0x0000000f49200000)]


Current CompileTask:
C2:   5510 3079       4       org.springframework.beans.factory.support.DefaultSingletonBeanRegistry::containsSingleton (11 bytes)

Stack: [0x0000000f49100000,0x0000000f49200000]
Native frames: (J=compiled Java code, j=interpreted, Vv=VM code, C=native code)
V  [jvm.dll+0x5a0369]
V  [jvm.dll+0x6bcf81]
V  [jvm.dll+0x6be176]
V  [jvm.dll+0x6be803]
V  [jvm.dll+0x234998]
V  [jvm.dll+0xbb92c]
V  [jvm.dll+0xbbe2c]
V  [jvm.dll+0x2a67b4]
V  [jvm.dll+0x4bf92a]
V  [jvm.dll+0x201357]
V  [jvm.dll+0x1feff1]
V  [jvm.dll+0x17ca6b]
V  [jvm.dll+0x20c81d]
V  [jvm.dll+0x20b5e6]
V  [jvm.dll+0x68bb6f]
V  [jvm.dll+0x59f680]
C  [msvcr120.dll+0x24f7f]
C  [msvcr120.dll+0x25126]
C  [KERNEL32.DLL+0x17034]
C  [ntdll.dll+0x52651]


---------------  P R O C E S S  ---------------

Threads class SMR info:
_java_thread_list=0x000001857e853d00, length=14, elements={
0x00000185669c4800, 0x000001857b0aa000, 0x000001857b0b5800, 0x000001857b943000,
0x000001857b0d8000, 0x000001857b0db000, 0x000001857b996800, 0x000001857b998800,
0x000001857b99d000, 0x000001857bcec000, 0x000001857bcec800, 0x000001857bb74800,
0x000001857bcfe000, 0x000001857be12800
}

Java Threads: ( => current thread )
  0x00000185669c4800 JavaThread "main" [_thread_in_vm, id=14788, stack(0x0000000f48000000,0x0000000f48100000)]
  0x000001857b0aa000 JavaThread "Reference Handler" daemon [_thread_blocked, id=5016, stack(0x0000000f48d00000,0x0000000f48e00000)]
  0x000001857b0b5800 JavaThread "Finalizer" daemon [_thread_blocked, id=3120, stack(0x0000000f48e00000,0x0000000f48f00000)]
  0x000001857b943000 JavaThread "Signal Dispatcher" daemon [_thread_blocked, id=15144, stack(0x0000000f48f00000,0x0000000f49000000)]
  0x000001857b0d8000 JavaThread "Attach Listener" daemon [_thread_blocked, id=1144, stack(0x0000000f49000000,0x0000000f49100000)]
=>0x000001857b0db000 JavaThread "C2 CompilerThread0" daemon [_thread_in_native, id=8964, stack(0x0000000f49100000,0x0000000f49200000)]
  0x000001857b996800 JavaThread "C2 CompilerThread1" daemon [_thread_in_native, id=5904, stack(0x0000000f49200000,0x0000000f49300000)]
  0x000001857b998800 JavaThread "C1 CompilerThread2" daemon [_thread_in_native, id=10196, stack(0x0000000f49300000,0x0000000f49400000)]
  0x000001857b99d000 JavaThread "Sweeper thread" daemon [_thread_blocked, id=14700, stack(0x0000000f49400000,0x0000000f49500000)]
  0x000001857bcec000 JavaThread "JDWP Transport Listener: dt_socket" daemon [_thread_blocked, id=12804, stack(0x0000000f49500000,0x0000000f49600000)]
  0x000001857bcec800 JavaThread "JDWP Event Helper Thread" daemon [_thread_blocked, id=5164, stack(0x0000000f49600000,0x0000000f49700000)]
  0x000001857bb74800 JavaThread "JDWP Command Reader" daemon [_thread_in_native, id=13252, stack(0x0000000f49700000,0x0000000f49800000)]
  0x000001857bcfe000 JavaThread "Common-Cleaner" daemon [_thread_blocked, id=11224, stack(0x0000000f49800000,0x0000000f49900000)]
  0x000001857be12800 JavaThread "Service Thread" daemon [_thread_blocked, id=12188, stack(0x0000000f49900000,0x0000000f49a00000)]

Other Threads:
  0x000001857b0a8000 VMThread "VM Thread" [stack: 0x0000000f48c00000,0x0000000f48d00000] [id=6464]
  0x000001857c1b7800 WatcherThread [stack: 0x0000000f49a00000,0x0000000f49b00000] [id=17040]
  0x00000185669df800 GCTaskThread "GC Thread#0" [stack: 0x0000000f48100000,0x0000000f48200000] [id=15456]
  0x00000185669e1000 GCTaskThread "GC Thread#1" [stack: 0x0000000f48200000,0x0000000f48300000] [id=11112]
  0x00000185669e2800 GCTaskThread "GC Thread#2" [stack: 0x0000000f48300000,0x0000000f48400000] [id=5560]
  0x00000185669e4800 GCTaskThread "GC Thread#3" [stack: 0x0000000f48400000,0x0000000f48500000] [id=11892]
  0x0000018566a4f800 ConcurrentGCThread "G1 Main Marker" [stack: 0x0000000f48500000,0x0000000f48600000] [id=15520]
  0x0000018566a52800 ConcurrentGCThread "G1 Conc#0" [stack: 0x0000000f48600000,0x0000000f48700000] [id=14420]
  0x0000018566a9e800 ConcurrentGCThread "G1 Refine#0" [stack: 0x0000000f48700000,0x0000000f48800000] [id=8204]
  0x000001857af2c000 ConcurrentGCThread "G1 Refine#1" [stack: 0x0000000f48800000,0x0000000f48900000] [id=6020]
  0x000001857af2c800 ConcurrentGCThread "G1 Refine#2" [stack: 0x0000000f48900000,0x0000000f48a00000] [id=15904]
  0x000001857af2d800 ConcurrentGCThread "G1 Refine#3" [stack: 0x0000000f48a00000,0x0000000f48b00000] [id=3200]
  0x000001857af30800 ConcurrentGCThread "G1 Young RemSet Sampling" [stack: 0x0000000f48b00000,0x0000000f48c00000] [id=3764]

Threads with active compile tasks:
C2 CompilerThread03079       4       org.springframework.beans.factory.support.DefaultSingletonBeanRegistry::containsSingleton (11 bytes)
C2 CompilerThread12481   !   4       jdk.internal.loader.BuiltinClassLoader::loadClassOrNull (143 bytes)
C1 CompilerThread23114   !   3       org.springframework.beans.factory.support.AbstractBeanFactory::doGetBean (832 bytes)

VM state:not at safepoint (normal execution)

VM Mutex/Monitor currently owned by a thread: None

Heap address: 0x0000000081a00000, size: 2022 MB, Compressed Oops mode: 32-bit
Narrow klass base: 0x0000000000000000, Narrow klass shift: 3
Compressed class space size: 1073741824 Address: 0x0000000100000000

Heap:
 garbage-first heap   total 131072K, used 51417K [0x0000000081a00000, 0x0000000100000000)
  region size 1024K, 46 young (47104K), 5 survivors (5120K)
 Metaspace       used 31021K, capacity 32033K, committed 32384K, reserved 1077248K
  class space    used 3506K, capacity 3872K, committed 3968K, reserved 1048576K
Heap Regions: E=young(eden), S=young(survivor), O=old, HS=humongous(starts), HC=humongous(continues), CS=collection set, F=free, A=archive, TS=gc time stamp, AC=allocation context, TAMS=top-at-mark-start (previous, next)
|   0|0x0000000081a00000, 0x0000000081b00000, 0x0000000081b00000|100%| O|  |TS  0|AC  0|TAMS 0x0000000081b00000, 0x0000000081b00000|
|   1|0x0000000081b00000, 0x0000000081c00000, 0x0000000081c00000|100%| O|  |TS  0|AC  0|TAMS 0x0000000081c00000, 0x0000000081c00000|
|   2|0x0000000081c00000, 0x0000000081d00000, 0x0000000081d00000|100%| O|  |TS  0|AC  0|TAMS 0x0000000081d00000, 0x0000000081d00000|
|   3|0x0000000081d00000, 0x0000000081e00000, 0x0000000081e00000|100%| O|  |TS  0|AC  0|TAMS 0x0000000081e00000, 0x0000000081e00000|
|   4|0x0000000081e00000, 0x0000000081f00000, 0x0000000081f00000|100%| O|  |TS  0|AC  0|TAMS 0x0000000081f00000, 0x0000000081f00000|
|   5|0x0000000081f00000, 0x0000000081f41e00, 0x0000000082000000| 25%| O|  |TS  1|AC  0|TAMS 0x0000000081f41e00, 0x0000000081f41e00|
|   6|0x0000000082000000, 0x0000000082000000, 0x0000000082100000|  0%| F|  |TS  0|AC  0|TAMS 0x0000000082000000, 0x0000000082000000|
|   7|0x0000000082100000, 0x0000000082100000, 0x0000000082200000|  0%| F|  |TS  0|AC  0|TAMS 0x0000000082100000, 0x0000000082100000|
|   8|0x0000000082200000, 0x0000000082200000, 0x0000000082300000|  0%| F|  |TS  0|AC  0|TAMS 0x0000000082200000, 0x0000000082200000|
|   9|0x0000000082300000, 0x0000000082300000, 0x0000000082400000|  0%| F|  |TS  0|AC  0|TAMS 0x0000000082300000, 0x0000000082300000|
|  10|0x0000000082400000, 0x0000000082400000, 0x0000000082500000|  0%| F|  |TS  0|AC  0|TAMS 0x0000000082400000, 0x0000000082400000|
|  11|0x0000000082500000, 0x0000000082500000, 0x0000000082600000|  0%| F|  |TS  0|AC  0|TAMS 0x0000000082500000, 0x0000000082500000|
|  12|0x0000000082600000, 0x0000000082600000, 0x0000000082700000|  0%| F|  |TS  0|AC  0|TAMS 0x0000000082600000, 0x0000000082600000|
|  13|0x0000000082700000, 0x0000000082700000, 0x0000000082800000|  0%| F|  |TS  0|AC  0|TAMS 0x0000000082700000, 0x0000000082700000|
|  14|0x0000000082800000, 0x0000000082800000, 0x0000000082900000|  0%| F|  |TS  0|AC  0|TAMS 0x0000000082800000, 0x0000000082800000|
|  15|0x0000000082900000, 0x0000000082900000, 0x0000000082a00000|  0%| F|  |TS  0|AC  0|TAMS 0x0000000082900000, 0x0000000082900000|
|  16|0x0000000082a00000, 0x0000000082a00000, 0x0000000082b00000|  0%| F|  |TS  0|AC  0|TAMS 0x0000000082a00000, 0x0000000082a00000|
|  17|0x0000000082b00000, 0x0000000082b00000, 0x0000000082c00000|  0%| F|  |TS  0|AC  0|TAMS 0x0000000082b00000, 0x0000000082b00000|
|  18|0x0000000082c00000, 0x0000000082c00000, 0x0000000082d00000|  0%| F|  |TS  0|AC  0|TAMS 0x0000000082c00000, 0x0000000082c00000|
|  19|0x0000000082d00000, 0x0000000082d00000, 0x0000000082e00000|  0%| F|  |TS  0|AC  0|TAMS 0x0000000082d00000, 0x0000000082d00000|
|  20|0x0000000082e00000, 0x0000000082e00000, 0x0000000082f00000|  0%| F|  |TS  0|AC  0|TAMS 0x0000000082e00000, 0x0000000082e00000|
|  21|0x0000000082f00000, 0x0000000082f00000, 0x0000000083000000|  0%| F|  |TS  0|AC  0|TAMS 0x0000000082f00000, 0x0000000082f00000|
|  22|0x0000000083000000, 0x0000000083000000, 0x0000000083100000|  0%| F|  |TS  0|AC  0|TAMS 0x0000000083000000, 0x0000000083000000|
|  23|0x0000000083100000, 0x0000000083100000, 0x0000000083200000|  0%| F|  |TS  0|AC  0|TAMS 0x0000000083100000, 0x0000000083100000|
|  24|0x0000000083200000, 0x0000000083200000, 0x0000000083300000|  0%| F|  |TS  0|AC  0|TAMS 0x0000000083200000, 0x0000000083200000|
|  25|0x0000000083300000, 0x0000000083300000, 0x0000000083400000|  0%| F|  |TS  0|AC  0|TAMS 0x0000000083300000, 0x0000000083300000|
|  26|0x0000000083400000, 0x0000000083400000, 0x0000000083500000|  0%| F|  |TS  0|AC  0|TAMS 0x0000000083400000, 0x0000000083400000|
|  27|0x0000000083500000, 0x0000000083500000, 0x0000000083600000|  0%| F|  |TS  0|AC  0|TAMS 0x0000000083500000, 0x0000000083500000|
|  28|0x0000000083600000, 0x0000000083600000, 0x0000000083700000|  0%| F|  |TS  0|AC  0|TAMS 0x0000000083600000, 0x0000000083600000|
|  29|0x0000000083700000, 0x0000000083700000, 0x0000000083800000|  0%| F|  |TS  0|AC  0|TAMS 0x0000000083700000, 0x0000000083700000|
|  30|0x0000000083800000, 0x0000000083800000, 0x0000000083900000|  0%| F|  |TS  0|AC  0|TAMS 0x0000000083800000, 0x0000000083800000|
|  31|0x0000000083900000, 0x0000000083900000, 0x0000000083a00000|  0%| F|  |TS  0|AC  0|TAMS 0x0000000083900000, 0x0000000083900000|
|  32|0x0000000083a00000, 0x0000000083a00000, 0x0000000083b00000|  0%| F|  |TS  0|AC  0|TAMS 0x0000000083a00000, 0x0000000083a00000|
|  33|0x0000000083b00000, 0x0000000083b00000, 0x0000000083c00000|  0%| F|  |TS  0|AC  0|TAMS 0x0000000083b00000, 0x0000000083b00000|
|  34|0x0000000083c00000, 0x0000000083c00000, 0x0000000083d00000|  0%| F|  |TS  0|AC  0|TAMS 0x0000000083c00000, 0x0000000083c00000|
|  35|0x0000000083d00000, 0x0000000083d00000, 0x0000000083e00000|  0%| F|  |TS  0|AC  0|TAMS 0x0000000083d00000, 0x0000000083d00000|
|  36|0x0000000083e00000, 0x0000000083e00000, 0x0000000083f00000|  0%| F|  |TS  0|AC  0|TAMS 0x0000000083e00000, 0x0000000083e00000|
|  37|0x0000000083f00000, 0x0000000083f00000, 0x0000000084000000|  0%| F|  |TS  0|AC  0|TAMS 0x0000000083f00000, 0x0000000083f00000|
|  38|0x0000000084000000, 0x0000000084000000, 0x0000000084100000|  0%| F|  |TS  0|AC  0|TAMS 0x0000000084000000, 0x0000000084000000|
|  39|0x0000000084100000, 0x0000000084100000, 0x0000000084200000|  0%| F|  |TS  0|AC  0|TAMS 0x0000000084100000, 0x0000000084100000|
|  40|0x0000000084200000, 0x0000000084200000, 0x0000000084300000|  0%| F|  |TS  0|AC  0|TAMS 0x0000000084200000, 0x0000000084200000|
|  41|0x0000000084300000, 0x0000000084300000, 0x0000000084400000|  0%| F|  |TS  0|AC  0|TAMS 0x0000000084300000, 0x0000000084300000|
|  42|0x0000000084400000, 0x0000000084400000, 0x0000000084500000|  0%| F|  |TS  0|AC  0|TAMS 0x0000000084400000, 0x0000000084400000|
|  43|0x0000000084500000, 0x0000000084500000, 0x0000000084600000|  0%| F|  |TS  0|AC  0|TAMS 0x0000000084500000, 0x0000000084500000|
|  44|0x0000000084600000, 0x0000000084600000, 0x0000000084700000|  0%| F|  |TS  0|AC  0|TAMS 0x0000000084600000, 0x0000000084600000|
|  45|0x0000000084700000, 0x0000000084700000, 0x0000000084800000|  0%| F|  |TS  0|AC  0|TAMS 0x0000000084700000, 0x0000000084700000|
|  46|0x0000000084800000, 0x0000000084800000, 0x0000000084900000|  0%| F|  |TS  0|AC  0|TAMS 0x0000000084800000, 0x0000000084800000|
|  47|0x0000000084900000, 0x0000000084900000, 0x0000000084a00000|  0%| F|  |TS  0|AC  0|TAMS 0x0000000084900000, 0x0000000084900000|
|  48|0x0000000084a00000, 0x0000000084a00000, 0x0000000084b00000|  0%| F|  |TS  0|AC  0|TAMS 0x0000000084a00000, 0x0000000084a00000|
|  49|0x0000000084b00000, 0x0000000084b00000, 0x0000000084c00000|  0%| F|  |TS  0|AC  0|TAMS 0x0000000084b00000, 0x0000000084b00000|
|  50|0x0000000084c00000, 0x0000000084c00000, 0x0000000084d00000|  0%| F|  |TS  0|AC  0|TAMS 0x0000000084c00000, 0x0000000084c00000|
|  51|0x0000000084d00000, 0x0000000084d00000, 0x0000000084e00000|  0%| F|  |TS  0|AC  0|TAMS 0x0000000084d00000, 0x0000000084d00000|
|  52|0x0000000084e00000, 0x0000000084e00000, 0x0000000084f00000|  0%| F|  |TS  0|AC  0|TAMS 0x0000000084e00000, 0x0000000084e00000|
|  53|0x0000000084f00000, 0x0000000084f00000, 0x0000000085000000|  0%| F|  |TS  0|AC  0|TAMS 0x0000000084f00000, 0x0000000084f00000|
|  54|0x0000000085000000, 0x0000000085000000, 0x0000000085100000|  0%| F|  |TS  0|AC  0|TAMS 0x0000000085000000, 0x0000000085000000|
|  55|0x0000000085100000, 0x0000000085100000, 0x0000000085200000|  0%| F|  |TS  0|AC  0|TAMS 0x0000000085100000, 0x0000000085100000|
|  56|0x0000000085200000, 0x0000000085200000, 0x0000000085300000|  0%| F|  |TS  0|AC  0|TAMS 0x0000000085200000, 0x0000000085200000|
|  57|0x0000000085300000, 0x0000000085300000, 0x0000000085400000|  0%| F|  |TS  0|AC  0|TAMS 0x0000000085300000, 0x0000000085300000|
|  58|0x0000000085400000, 0x0000000085400000, 0x0000000085500000|  0%| F|  |TS  0|AC  0|TAMS 0x0000000085400000, 0x0000000085400000|
|  59|0x0000000085500000, 0x0000000085500000, 0x0000000085600000|  0%| F|  |TS  0|AC  0|TAMS 0x0000000085500000, 0x0000000085500000|
|  60|0x0000000085600000, 0x0000000085600000, 0x0000000085700000|  0%| F|  |TS  0|AC  0|TAMS 0x0000000085600000, 0x0000000085600000|
|  61|0x0000000085700000, 0x0000000085700000, 0x0000000085800000|  0%| F|  |TS  0|AC  0|TAMS 0x0000000085700000, 0x0000000085700000|
|  62|0x0000000085800000, 0x0000000085800000, 0x0000000085900000|  0%| F|  |TS  0|AC  0|TAMS 0x0000000085800000, 0x0000000085800000|
|  63|0x0000000085900000, 0x0000000085900000, 0x0000000085a00000|  0%| F|  |TS  0|AC  0|TAMS 0x0000000085900000, 0x0000000085900000|
|  64|0x0000000085a00000, 0x0000000085a00000, 0x0000000085b00000|  0%| F|  |TS  0|AC  0|TAMS 0x0000000085a00000, 0x0000000085a00000|
|  65|0x0000000085b00000, 0x0000000085b00000, 0x0000000085c00000|  0%| F|  |TS  0|AC  0|TAMS 0x0000000085b00000, 0x0000000085b00000|
|  66|0x0000000085c00000, 0x0000000085c00000, 0x0000000085d00000|  0%| F|  |TS  0|AC  0|TAMS 0x0000000085c00000, 0x0000000085c00000|
|  67|0x0000000085d00000, 0x0000000085d00000, 0x0000000085e00000|  0%| F|  |TS  0|AC  0|TAMS 0x0000000085d00000, 0x0000000085d00000|
|  68|0x0000000085e00000, 0x0000000085e00000, 0x0000000085f00000|  0%| F|  |TS  0|AC  0|TAMS 0x0000000085e00000, 0x0000000085e00000|
|  69|0x0000000085f00000, 0x0000000085f00000, 0x0000000086000000|  0%| F|  |TS  0|AC  0|TAMS 0x0000000085f00000, 0x0000000085f00000|
|  70|0x0000000086000000, 0x0000000086000000, 0x0000000086100000|  0%| F|  |TS  0|AC  0|TAMS 0x0000000086000000, 0x0000000086000000|
|  71|0x0000000086100000, 0x00000000861f4900, 0x0000000086200000| 95%| S|CS|TS  1|AC  0|TAMS 0x0000000086100000, 0x0000000086100000|
|  72|0x0000000086200000, 0x0000000086300000, 0x0000000086300000|100%| S|CS|TS  1|AC  0|TAMS 0x0000000086200000, 0x0000000086200000|
|  73|0x0000000086300000, 0x0000000086400000, 0x0000000086400000|100%| S|CS|TS  1|AC  0|TAMS 0x0000000086300000, 0x0000000086300000|
|  74|0x0000000086400000, 0x0000000086500000, 0x0000000086500000|100%| S|CS|TS  1|AC  0|TAMS 0x0000000086400000, 0x0000000086400000|
|  75|0x0000000086500000, 0x0000000086600000, 0x0000000086600000|100%| S|CS|TS  1|AC  0|TAMS 0x0000000086500000, 0x0000000086500000|
|  76|0x0000000086600000, 0x0000000086600000, 0x0000000086700000|  0%| F|  |TS  1|AC  0|TAMS 0x0000000086600000, 0x0000000086600000|
|  77|0x0000000086700000, 0x0000000086700000, 0x0000000086800000|  0%| F|  |TS  1|AC  0|TAMS 0x0000000086700000, 0x0000000086700000|
|  78|0x0000000086800000, 0x0000000086800000, 0x0000000086900000|  0%| F|  |TS  1|AC  0|TAMS 0x0000000086800000, 0x0000000086800000|
|  79|0x0000000086900000, 0x0000000086900000, 0x0000000086a00000|  0%| F|  |TS  1|AC  0|TAMS 0x0000000086900000, 0x0000000086900000|
|  80|0x0000000086a00000, 0x0000000086a00000, 0x0000000086b00000|  0%| F|  |TS  1|AC  0|TAMS 0x0000000086a00000, 0x0000000086a00000|
|  81|0x0000000086b00000, 0x0000000086b00000, 0x0000000086c00000|  0%| F|  |TS  1|AC  0|TAMS 0x0000000086b00000, 0x0000000086b00000|
|  82|0x0000000086c00000, 0x0000000086c00000, 0x0000000086d00000|  0%| F|  |TS  1|AC  0|TAMS 0x0000000086c00000, 0x0000000086c00000|
|  83|0x0000000086d00000, 0x0000000086d00000, 0x0000000086e00000|  0%| F|  |TS  1|AC  0|TAMS 0x0000000086d00000, 0x0000000086d00000|
|  84|0x0000000086e00000, 0x0000000086e00000, 0x0000000086f00000|  0%| F|  |TS  1|AC  0|TAMS 0x0000000086e00000, 0x0000000086e00000|
|  85|0x0000000086f00000, 0x0000000086f00000, 0x0000000087000000|  0%| F|  |TS  1|AC  0|TAMS 0x0000000086f00000, 0x0000000086f00000|
|  86|0x0000000087000000, 0x0000000087000000, 0x0000000087100000|  0%| F|  |TS  1|AC  0|TAMS 0x0000000087000000, 0x0000000087000000|
|  87|0x0000000087100000, 0x0000000087200000, 0x0000000087200000|100%| E|  |TS  1|AC  0|TAMS 0x0000000087100000, 0x0000000087100000|
|  88|0x0000000087200000, 0x0000000087300000, 0x0000000087300000|100%| E|CS|TS  1|AC  0|TAMS 0x0000000087200000, 0x0000000087200000|
|  89|0x0000000087300000, 0x0000000087400000, 0x0000000087400000|100%| E|CS|TS  1|AC  0|TAMS 0x0000000087300000, 0x0000000087300000|
|  90|0x0000000087400000, 0x0000000087500000, 0x0000000087500000|100%| E|CS|TS  1|AC  0|TAMS 0x0000000087400000, 0x0000000087400000|
|  91|0x0000000087500000, 0x0000000087600000, 0x0000000087600000|100%| E|CS|TS  1|AC  0|TAMS 0x0000000087500000, 0x0000000087500000|
|  92|0x0000000087600000, 0x0000000087700000, 0x0000000087700000|100%| E|CS|TS  1|AC  0|TAMS 0x0000000087600000, 0x0000000087600000|
|  93|0x0000000087700000, 0x0000000087800000, 0x0000000087800000|100%| E|CS|TS  1|AC  0|TAMS 0x0000000087700000, 0x0000000087700000|
|  94|0x0000000087800000, 0x0000000087900000, 0x0000000087900000|100%| E|CS|TS  1|AC  0|TAMS 0x0000000087800000, 0x0000000087800000|
|  95|0x0000000087900000, 0x0000000087a00000, 0x0000000087a00000|100%| E|CS|TS  1|AC  0|TAMS 0x0000000087900000, 0x0000000087900000|
|  96|0x0000000087a00000, 0x0000000087b00000, 0x0000000087b00000|100%| E|CS|TS  1|AC  0|TAMS 0x0000000087a00000, 0x0000000087a00000|
|  97|0x0000000087b00000, 0x0000000087c00000, 0x0000000087c00000|100%| E|CS|TS  1|AC  0|TAMS 0x0000000087b00000, 0x0000000087b00000|
|  98|0x0000000087c00000, 0x0000000087d00000, 0x0000000087d00000|100%| E|CS|TS  1|AC  0|TAMS 0x0000000087c00000, 0x0000000087c00000|
|  99|0x0000000087d00000, 0x0000000087e00000, 0x0000000087e00000|100%| E|CS|TS  1|AC  0|TAMS 0x0000000087d00000, 0x0000000087d00000|
| 100|0x0000000087e00000, 0x0000000087f00000, 0x0000000087f00000|100%| E|CS|TS  1|AC  0|TAMS 0x0000000087e00000, 0x0000000087e00000|
| 101|0x0000000087f00000, 0x0000000088000000, 0x0000000088000000|100%| E|CS|TS  1|AC  0|TAMS 0x0000000087f00000, 0x0000000087f00000|
| 102|0x0000000088000000, 0x0000000088100000, 0x0000000088100000|100%| E|CS|TS  1|AC  0|TAMS 0x0000000088000000, 0x0000000088000000|
| 103|0x0000000088100000, 0x0000000088200000, 0x0000000088200000|100%| E|CS|TS  1|AC  0|TAMS 0x0000000088100000, 0x0000000088100000|
| 104|0x0000000088200000, 0x0000000088300000, 0x0000000088300000|100%| E|CS|TS  1|AC  0|TAMS 0x0000000088200000, 0x0000000088200000|
| 105|0x0000000088300000, 0x0000000088400000, 0x0000000088400000|100%| E|CS|TS  1|AC  0|TAMS 0x0000000088300000, 0x0000000088300000|
| 106|0x0000000088400000, 0x0000000088500000, 0x0000000088500000|100%| E|CS|TS  1|AC  0|TAMS 0x0000000088400000, 0x0000000088400000|
| 107|0x0000000088500000, 0x0000000088600000, 0x0000000088600000|100%| E|CS|TS  1|AC  0|TAMS 0x0000000088500000, 0x0000000088500000|
| 108|0x0000000088600000, 0x0000000088700000, 0x0000000088700000|100%| E|CS|TS  1|AC  0|TAMS 0x0000000088600000, 0x0000000088600000|
| 109|0x0000000088700000, 0x0000000088800000, 0x0000000088800000|100%| E|CS|TS  1|AC  0|TAMS 0x0000000088700000, 0x0000000088700000|
| 110|0x0000000088800000, 0x0000000088900000, 0x0000000088900000|100%| E|CS|TS  1|AC  0|TAMS 0x0000000088800000, 0x0000000088800000|
| 111|0x0000000088900000, 0x0000000088a00000, 0x0000000088a00000|100%| E|CS|TS  1|AC  0|TAMS 0x0000000088900000, 0x0000000088900000|
| 112|0x0000000088a00000, 0x0000000088b00000, 0x0000000088b00000|100%| E|CS|TS  1|AC  0|TAMS 0x0000000088a00000, 0x0000000088a00000|
| 113|0x0000000088b00000, 0x0000000088c00000, 0x0000000088c00000|100%| E|CS|TS  1|AC  0|TAMS 0x0000000088b00000, 0x0000000088b00000|
| 114|0x0000000088c00000, 0x0000000088d00000, 0x0000000088d00000|100%| E|CS|TS  1|AC  0|TAMS 0x0000000088c00000, 0x0000000088c00000|
| 115|0x0000000088d00000, 0x0000000088e00000, 0x0000000088e00000|100%| E|CS|TS  1|AC  0|TAMS 0x0000000088d00000, 0x0000000088d00000|
| 116|0x0000000088e00000, 0x0000000088f00000, 0x0000000088f00000|100%| E|CS|TS  1|AC  0|TAMS 0x0000000088e00000, 0x0000000088e00000|
| 117|0x0000000088f00000, 0x0000000089000000, 0x0000000089000000|100%| E|CS|TS  1|AC  0|TAMS 0x0000000088f00000, 0x0000000088f00000|
| 118|0x0000000089000000, 0x0000000089100000, 0x0000000089100000|100%| E|CS|TS  1|AC  0|TAMS 0x0000000089000000, 0x0000000089000000|
| 119|0x0000000089100000, 0x0000000089200000, 0x0000000089200000|100%| E|CS|TS  1|AC  0|TAMS 0x0000000089100000, 0x0000000089100000|
| 120|0x0000000089200000, 0x0000000089300000, 0x0000000089300000|100%| E|CS|TS  1|AC  0|TAMS 0x0000000089200000, 0x0000000089200000|
| 121|0x0000000089300000, 0x0000000089400000, 0x0000000089400000|100%| E|CS|TS  1|AC  0|TAMS 0x0000000089300000, 0x0000000089300000|
| 122|0x0000000089400000, 0x0000000089500000, 0x0000000089500000|100%| E|CS|TS  1|AC  0|TAMS 0x0000000089400000, 0x0000000089400000|
| 123|0x0000000089500000, 0x0000000089600000, 0x0000000089600000|100%| E|CS|TS  1|AC  0|TAMS 0x0000000089500000, 0x0000000089500000|
| 124|0x0000000089600000, 0x0000000089700000, 0x0000000089700000|100%| E|CS|TS  1|AC  0|TAMS 0x0000000089600000, 0x0000000089600000|
| 125|0x0000000089700000, 0x0000000089800000, 0x0000000089800000|100%| E|CS|TS  1|AC  0|TAMS 0x0000000089700000, 0x0000000089700000|
| 126|0x0000000089800000, 0x0000000089900000, 0x0000000089900000|100%| E|CS|TS  1|AC  0|TAMS 0x0000000089800000, 0x0000000089800000|
| 127|0x0000000089900000, 0x0000000089a00000, 0x0000000089a00000|100%| E|CS|TS  1|AC  0|TAMS 0x0000000089900000, 0x0000000089900000|

Card table byte_map: [0x00000185742f0000,0x00000185746f0000] byte_map_base: 0x0000018573ee3000

Marking Bits (Prev, Next): (CMBitMap*) 0x0000018566a4ebd8, (CMBitMap*) 0x0000018566a4eba0
 Prev Bits: [0x0000018576a90000, 0x0000018578a28000)
 Next Bits: [0x0000018574af0000, 0x0000018576a88000)

Polling page: 0x00000185667a0000

CodeHeap 'non-profiled nmethods': size=120064Kb used=1485Kb max_used=1485Kb free=118578Kb
 bounds [0x0000018507ac0000, 0x0000018507d30000, 0x000001850f000000]
CodeHeap 'profiled nmethods': size=120000Kb used=6998Kb max_used=6998Kb free=113001Kb
 bounds [0x0000018500590000, 0x0000018500c70000, 0x0000018507ac0000]
CodeHeap 'non-nmethods': size=5696Kb used=1192Kb max_used=1241Kb free=4503Kb
 bounds [0x0000018500000000, 0x0000018500270000, 0x0000018500590000]
 total_blobs=4159 nmethods=3105 adapters=338
 compilation: enabled

Compilation events (10 events):
Event: 5.490 Thread 0x000001857b998800 nmethod 3110 0x0000018500c62a90 code [0x0000018500c62d00, 0x0000018500c63830]
Event: 5.490 Thread 0x000001857b998800 3111   !   3       com.sun.proxy.$Proxy33::value (29 bytes)
Event: 5.490 Thread 0x000001857b998800 nmethod 3111 0x0000018500c63c10 code [0x0000018500c63e00, 0x0000018500c642a0]
Event: 5.495 Thread 0x000001857b998800 3112       3       org.springframework.core.annotation.TypeMappedAnnotation::getValueFromMetaAnnotation (55 bytes)
Event: 5.496 Thread 0x000001857b998800 nmethod 3112 0x0000018500c64490 code [0x0000018500c64700, 0x0000018500c65030]
Event: 5.496 Thread 0x000001857b998800 3113       3       java.util.Collections$UnmodifiableList::hashCode (10 bytes)
Event: 5.496 Thread 0x000001857b998800 nmethod 3113 0x0000018500c65590 code [0x0000018500c65760, 0x0000018500c65990]
Event: 5.497 Thread 0x000001857b998800 3114   !   3       org.springframework.beans.factory.support.AbstractBeanFactory::doGetBean (832 bytes)
Event: 5.500 Thread 0x000001857b0db000 nmethod 3043 0x0000018507c32290 code [0x0000018507c32460, 0x0000018507c32f98]
Event: 5.500 Thread 0x000001857b0db000 3079       4       org.springframework.beans.factory.support.DefaultSingletonBeanRegistry::containsSingleton (11 bytes)

GC Heap History (10 events):
Event: 1.891 GC heap before
{Heap before GC invocations=0 (full 0):
 garbage-first heap   total 131072K, used 14336K [0x0000000081a00000, 0x0000000100000000)
  region size 1024K, 14 young (14336K), 0 survivors (0K)
 Metaspace       used 8392K, capacity 8572K, committed 8832K, reserved 1056768K
  class space    used 729K, capacity 785K, committed 896K, reserved 1048576K
}
Event: 1.900 GC heap after
{Heap after GC invocations=1 (full 0):
 garbage-first heap   total 131072K, used 5519K [0x0000000081a00000, 0x0000000100000000)
  region size 1024K, 2 young (2048K), 2 survivors (2048K)
 Metaspace       used 8392K, capacity 8572K, committed 8832K, reserved 1056768K
  class space    used 729K, capacity 785K, committed 896K, reserved 1048576K
}
Event: 2.226 GC heap before
{Heap before GC invocations=1 (full 0):
 garbage-first heap   total 131072K, used 13711K [0x0000000081a00000, 0x0000000100000000)
  region size 1024K, 10 young (10240K), 2 survivors (2048K)
 Metaspace       used 10118K, capacity 10395K, committed 10624K, reserved 1058816K
  class space    used 942K, capacity 1054K, committed 1152K, reserved 1048576K
}
Event: 2.228 GC heap after
{Heap after GC invocations=2 (full 0):
 garbage-first heap   total 131072K, used 5882K [0x0000000081a00000, 0x0000000100000000)
  region size 1024K, 1 young (1024K), 1 survivors (1024K)
 Metaspace       used 10118K, capacity 10395K, committed 10624K, reserved 1058816K
  class space    used 942K, capacity 1054K, committed 1152K, reserved 1048576K
}
Event: 3.026 GC heap before
{Heap before GC invocations=2 (full 0):
 garbage-first heap   total 131072K, used 32506K [0x0000000081a00000, 0x0000000100000000)
  region size 1024K, 27 young (27648K), 1 survivors (1024K)
 Metaspace       used 14961K, capacity 15532K, committed 15872K, reserved 1062912K
  class space    used 1520K, capacity 1733K, committed 1792K, reserved 1048576K
}
Event: 3.029 GC heap after
{Heap after GC invocations=3 (full 0):
 garbage-first heap   total 131072K, used 7428K [0x0000000081a00000, 0x0000000100000000)
  region size 1024K, 2 young (2048K), 2 survivors (2048K)
 Metaspace       used 14961K, capacity 15532K, committed 15872K, reserved 1062912K
  class space    used 1520K, capacity 1733K, committed 1792K, reserved 1048576K
}
Event: 3.762 GC heap before
{Heap before GC invocations=3 (full 0):
 garbage-first heap   total 131072K, used 37124K [0x0000000081a00000, 0x0000000100000000)
  region size 1024K, 32 young (32768K), 2 survivors (2048K)
 Metaspace       used 20351K, capacity 20954K, committed 21248K, reserved 1069056K
  class space    used 2179K, capacity 2435K, committed 2560K, reserved 1048576K
}
Event: 3.767 GC heap after
{Heap after GC invocations=4 (full 0):
 garbage-first heap   total 131072K, used 8775K [0x0000000081a00000, 0x0000000100000000)
  region size 1024K, 4 young (4096K), 4 survivors (4096K)
 Metaspace       used 20351K, capacity 20954K, committed 21248K, reserved 1069056K
  class space    used 2179K, capacity 2435K, committed 2560K, reserved 1048576K
}
Event: 4.721 GC heap before
{Heap before GC invocations=5 (full 0):
 garbage-first heap   total 131072K, used 57927K [0x0000000081a00000, 0x0000000100000000)
  region size 1024K, 52 young (53248K), 4 survivors (4096K)
 Metaspace       used 27997K, capacity 28847K, committed 29184K, reserved 1075200K
  class space    used 3134K, capacity 3475K, committed 3584K, reserved 1048576K
}
Event: 4.730 GC heap after
{Heap after GC invocations=6 (full 0):
 garbage-first heap   total 131072K, used 10457K [0x0000000081a00000, 0x0000000100000000)
  region size 1024K, 5 young (5120K), 5 survivors (5120K)
 Metaspace       used 27997K, capacity 28847K, committed 29184K, reserved 1075200K
  class space    used 3134K, capacity 3475K, committed 3584K, reserved 1048576K
}

Deoptimization events (10 events):
Event: 4.476 Thread 0x00000185669c4800 Uncommon trap: reason=unstable_if action=reinterpret pc=0x0000018507b35104 method=java.util.concurrent.ConcurrentHashMap.get(Ljava/lang/Object;)Ljava/lang/Object; @ 76 c2
Event: 4.867 Thread 0x00000185669c4800 Uncommon trap: reason=bimorphic_or_optimized_type_check action=maybe_recompile pc=0x0000018507b839ac method=java.util.HashMap.putVal(ILjava/lang/Object;Ljava/lang/Object;ZZ)Ljava/lang/Object; @ 203 c2
Event: 4.940 Thread 0x00000185669c4800 Uncommon trap: reason=bimorphic_or_optimized_type_check action=maybe_recompile pc=0x0000018507b839ac method=java.util.HashMap.putVal(ILjava/lang/Object;Ljava/lang/Object;ZZ)Ljava/lang/Object; @ 203 c2
Event: 4.969 Thread 0x00000185669c4800 Uncommon trap: reason=class_check action=maybe_recompile pc=0x0000018507bb37ac method=java.lang.invoke.MemberName.getMethodType()Ljava/lang/invoke/MethodType; @ 39 c2
Event: 4.971 Thread 0x00000185669c4800 Uncommon trap: reason=class_check action=maybe_recompile pc=0x0000018507bcf9c4 method=java.lang.invoke.LambdaForm$Name.replaceNames([Ljava/lang/invoke/LambdaForm$Name;[Ljava/lang/invoke/LambdaForm$Name;II)Ljava/lang/invoke/LambdaForm$Name; @ 33 c2
Event: 4.971 Thread 0x00000185669c4800 Uncommon trap: reason=class_check action=maybe_recompile pc=0x0000018507bcf9c4 method=java.lang.invoke.LambdaForm$Name.replaceNames([Ljava/lang/invoke/LambdaForm$Name;[Ljava/lang/invoke/LambdaForm$Name;II)Ljava/lang/invoke/LambdaForm$Name; @ 33 c2
Event: 4.981 Thread 0x00000185669c4800 Uncommon trap: reason=unstable_if action=reinterpret pc=0x0000018507ba72b0 method=org.springframework.boot.context.properties.source.ConfigurationPropertyName$ElementsParser.add(IILorg/springframework/boot/context/properties/source/ConfigurationPropertyNa
Event: 5.145 Thread 0x00000185669c4800 Uncommon trap: reason=bimorphic_or_optimized_type_check action=maybe_recompile pc=0x0000018507b839ac method=java.util.HashMap.putVal(ILjava/lang/Object;Ljava/lang/Object;ZZ)Ljava/lang/Object; @ 203 c2
Event: 5.387 Thread 0x00000185669c4800 Uncommon trap: reason=predicate action=maybe_recompile pc=0x0000018507c22aa4 method=java.util.AbstractCollection.toArray([Ljava/lang/Object;)[Ljava/lang/Object; @ 46 c2
Event: 5.435 Thread 0x00000185669c4800 Uncommon trap: reason=bimorphic_or_optimized_type_check action=maybe_recompile pc=0x0000018507b839ac method=java.util.HashMap.putVal(ILjava/lang/Object;Ljava/lang/Object;ZZ)Ljava/lang/Object; @ 203 c2

Classes redefined (0 events):
No events

Internal exceptions (10 events):
Event: 4.574 Thread 0x000001857cb82800 Exception <a 'java/lang/NoSuchMethodError'{0x0000000086cf20c0}: java.lang.invoke.DirectMethodHandle$Holder.invokeStatic(Ljava/lang/Object;Ljava/lang/Object;)J> (0x0000000086cf20c0) thrown at [t:/workspace/open/src/hotspot/share/interpreter/linkResolver.cp
Event: 4.575 Thread 0x000001857cb82800 Exception <a 'java/lang/NoSuchMethodError'{0x0000000086cf4f40}: java.lang.invoke.DirectMethodHandle$Holder.invokeStaticInit(Ljava/lang/Object;Ljava/lang/Object;)J> (0x0000000086cf4f40) thrown at [t:/workspace/open/src/hotspot/share/interpreter/linkResolve
Event: 4.577 Thread 0x000001857cb82800 Exception <a 'java/lang/NoSuchMethodError'{0x0000000086b02008}: java.lang.invoke.DirectMethodHandle$Holder.invokeInterface(Ljava/lang/Object;Ljava/lang/Object;)J> (0x0000000086b02008) thrown at [t:/workspace/open/src/hotspot/share/interpreter/linkResolver
Event: 4.577 Thread 0x000001857cb82800 Exception <a 'java/lang/IncompatibleClassChangeError'{0x0000000086b04f70}: Found class java.lang.Object, but interface was expected> (0x0000000086b04f70) thrown at [t:/workspace/open/src/hotspot/share/interpreter/linkResolver.cpp, line 807]
Event: 4.593 Thread 0x000001857cb82800 Exception <a 'java/lang/NoSuchMethodError'{0x0000000086bab198}: java.lang.invoke.DirectMethodHandle$Holder.invokeVirtual(Ljava/lang/Object;Ljava/lang/Object;Ljava/lang/Object;Ljava/lang/Object;)Ljava/lang/Object;> (0x0000000086bab198) thrown at [t:/worksp
Event: 4.787 Thread 0x00000185669c4800 Exception <a 'java/lang/IncompatibleClassChangeError'{0x0000000089318de8}: Found class java.lang.Object, but interface was expected> (0x0000000089318de8) thrown at [t:/workspace/open/src/hotspot/share/interpreter/linkResolver.cpp, line 807]
Event: 4.830 Thread 0x00000185669c4800 Exception <a 'java/lang/NoSuchMethodError'{0x00000000892df058}: java.lang.Object.lambda$getAllAnnotationAttributes$0(Lorg/springframework/util/MultiValueMap;)Lorg/springframework/util/MultiValueMap;> (0x00000000892df058) thrown at [t:/workspace/open/src/h
Event: 4.970 Thread 0x00000185669c4800 Exception <a 'java/lang/NoSuchMethodError'{0x0000000088a06638}: method resolution failed> (0x0000000088a06638) thrown at [t:/workspace/open/src/hotspot/share/prims/methodHandles.cpp, line 1226]
Event: 4.970 Thread 0x00000185669c4800 Exception <a 'java/lang/NoSuchMethodError'{0x0000000088a0a9c0}: method resolution failed> (0x0000000088a0a9c0) thrown at [t:/workspace/open/src/hotspot/share/prims/methodHandles.cpp, line 1226]
Event: 4.971 Thread 0x00000185669c4800 Exception <a 'java/lang/NoSuchMethodError'{0x0000000088a0e7b8}: java.lang.invoke.DelegatingMethodHandle$Holder.delegate(Ljava/lang/Object;Ljava/lang/Object;ILjava/lang/Object;)V> (0x0000000088a0e7b8) thrown at [t:/workspace/open/src/hotspot/share/interpre

Events (10 events):
Event: 5.501 Thread 0x00000185669c4800 DEOPT PACKING pc=0x0000018500acfb5c sp=0x0000000f480fc0e0
Event: 5.501 Thread 0x00000185669c4800 DEOPT UNPACKING pc=0x000001850003cd4e sp=0x0000000f480fb678 mode 1
Event: 5.501 loading class org/webjars$WebJarAssetLocator
Event: 5.501 loading class org/webjars$WebJarAssetLocator done
Event: 5.502 Thread 0x00000185669c4800 DEOPT PACKING pc=0x000001850073a994 sp=0x0000000f480fb580
Event: 5.502 Thread 0x00000185669c4800 DEOPT UNPACKING pc=0x000001850003cd4e sp=0x0000000f480faa18 mode 1
Event: 5.502 Thread 0x00000185669c4800 DEOPT PACKING pc=0x000001850072ddd4 sp=0x0000000f480fb650
Event: 5.502 Thread 0x00000185669c4800 DEOPT UNPACKING pc=0x000001850003cd4e sp=0x0000000f480fab08 mode 1
Event: 5.502 Thread 0x00000185669c4800 DEOPT PACKING pc=0x000001850070223c sp=0x0000000f480fc0f0
Event: 5.502 Thread 0x00000185669c4800 DEOPT UNPACKING pc=0x000001850003cd4e sp=0x0000000f480fb5e0 mode 1


Dynamic libraries:
0x00007ff717b30000 - 0x00007ff717b6e000 	C:\Program Files\Java\jdk-10.0.1\bin\java.exe
0x00007ffe239b0000 - 0x00007ffe23ba5000 	C:\WINDOWS\SYSTEM32\ntdll.dll
0x00007ffe238b0000 - 0x00007ffe2396d000 	C:\WINDOWS\System32\KERNEL32.DLL
0x00007ffe21670000 - 0x00007ffe21938000 	C:\WINDOWS\System32\KERNELBASE.dll
0x00007ffe23700000 - 0x00007ffe237ac000 	C:\WINDOWS\System32\ADVAPI32.dll
0x00007ffe22570000 - 0x00007ffe2260e000 	C:\WINDOWS\System32\msvcrt.dll
0x00007ffe237b0000 - 0x00007ffe2384b000 	C:\WINDOWS\System32\sechost.dll
0x00007ffe21c40000 - 0x00007ffe21d6b000 	C:\WINDOWS\System32\RPCRT4.dll
0x00007ffe22d60000 - 0x00007ffe22f00000 	C:\WINDOWS\System32\USER32.dll
0x00007ffe219e0000 - 0x00007ffe21a02000 	C:\WINDOWS\System32\win32u.dll
0x00007ffe21c10000 - 0x00007ffe21c3a000 	C:\WINDOWS\System32\GDI32.dll
0x00007ffe210f0000 - 0x00007ffe211fb000 	C:\WINDOWS\System32\gdi32full.dll
0x00007ffe21940000 - 0x00007ffe219dd000 	C:\WINDOWS\System32\msvcp_win.dll
0x00007ffe21440000 - 0x00007ffe21540000 	C:\WINDOWS\System32\ucrtbase.dll
0x00007ffe10620000 - 0x00007ffe108ba000 	C:\WINDOWS\WinSxS\amd64_microsoft.windows.common-controls_6595b64144ccf1df_6.0.19041.844_none_ca00b6081b84eb1d\COMCTL32.dll
0x00007ffe13350000 - 0x00007ffe1335a000 	C:\WINDOWS\SYSTEM32\VERSION.dll
0x00007ffe21f30000 - 0x00007ffe21f60000 	C:\WINDOWS\System32\IMM32.DLL
0x00007ffdeb080000 - 0x00007ffdeb16f000 	C:\Program Files\Java\jdk-10.0.1\bin\msvcr120.dll
0x00007ffdeafd0000 - 0x00007ffdeb076000 	C:\Program Files\Java\jdk-10.0.1\bin\msvcp120.dll
0x0000000076a80000 - 0x00000000774f0000 	C:\Program Files\Java\jdk-10.0.1\bin\server\jvm.dll
0x00007ffe21de0000 - 0x00007ffe21de8000 	C:\WINDOWS\System32\PSAPI.DLL
0x00007ffe01b30000 - 0x00007ffe01b39000 	C:\WINDOWS\SYSTEM32\WSOCK32.dll
0x00007ffe21ec0000 - 0x00007ffe21f2b000 	C:\WINDOWS\System32\WS2_32.dll
0x00007ffe11980000 - 0x00007ffe119a7000 	C:\WINDOWS\SYSTEM32\WINMM.dll
0x00007ffe1a960000 - 0x00007ffe1a96f000 	C:\Program Files\Java\jdk-10.0.1\bin\verify.dll
0x00007ffe1eef0000 - 0x00007ffe1f0d4000 	C:\WINDOWS\SYSTEM32\DBGHELP.DLL
0x00007ffe0f1a0000 - 0x00007ffe0f1cc000 	C:\WINDOWS\SYSTEM32\dbgcore.DLL
0x00007ffe21540000 - 0x00007ffe215c0000 	C:\WINDOWS\System32\bcryptPrimitives.dll
0x00007ffe188f0000 - 0x00007ffe18917000 	C:\Program Files\Java\jdk-10.0.1\bin\java.dll
0x00007ffe18a30000 - 0x00007ffe18a66000 	C:\Program Files\Java\jdk-10.0.1\bin\jdwp.dll
0x00007ffe10400000 - 0x00007ffe1042a000 	C:\Program Files\Java\jdk-10.0.1\bin\instrument.dll
0x00007ffe08510000 - 0x00007ffe08526000 	C:\Program Files\Java\jdk-10.0.1\bin\zip.dll
0x00007ffe191a0000 - 0x00007ffe191aa000 	C:\Program Files\Java\jdk-10.0.1\bin\jimage.dll
0x00007ffe22f00000 - 0x00007ffe23642000 	C:\WINDOWS\System32\SHELL32.dll
0x00007ffe1f100000 - 0x00007ffe1f890000 	C:\WINDOWS\SYSTEM32\windows.storage.dll
0x00007ffe22a00000 - 0x00007ffe22d55000 	C:\WINDOWS\System32\combase.dll
0x00007ffe20b60000 - 0x00007ffe20b8c000 	C:\WINDOWS\SYSTEM32\Wldp.dll
0x00007ffe22460000 - 0x00007ffe2250e000 	C:\WINDOWS\System32\SHCORE.dll
0x00007ffe23850000 - 0x00007ffe238a5000 	C:\WINDOWS\System32\shlwapi.dll
0x00007ffe21030000 - 0x00007ffe2104f000 	C:\WINDOWS\SYSTEM32\profapi.dll
0x00007ffe1b430000 - 0x00007ffe1b43a000 	C:\Program Files\Java\jdk-10.0.1\bin\dt_socket.dll
0x00007ffe208d0000 - 0x00007ffe2093a000 	C:\WINDOWS\system32\mswsock.dll
0x00007ffe083c0000 - 0x00007ffe083da000 	C:\Program Files\Java\jdk-10.0.1\bin\net.dll
0x00007ffe162f0000 - 0x00007ffe163fb000 	C:\WINDOWS\SYSTEM32\WINHTTP.dll
0x00007ffe079d0000 - 0x00007ffe079e1000 	C:\Program Files\Java\jdk-10.0.1\bin\nio.dll
0x00007ffe19110000 - 0x00007ffe19119000 	C:\Program Files\Java\jdk-10.0.1\bin\management.dll
0x00007ffe190f0000 - 0x00007ffe190fa000 	C:\Program Files\Java\jdk-10.0.1\bin\management_ext.dll
0x00007ffdf3550000 - 0x00007ffdf3567000 	C:\WINDOWS\system32\napinsp.dll
0x00007ffdf3530000 - 0x00007ffdf354b000 	C:\WINDOWS\system32\pnrpnsp.dll
0x00007ffe1b840000 - 0x00007ffe1b855000 	C:\WINDOWS\system32\wshbth.dll
0x00007ffe1c3b0000 - 0x00007ffe1c3cd000 	C:\WINDOWS\system32\NLAapi.dll
0x00007ffe20570000 - 0x00007ffe205ab000 	C:\WINDOWS\SYSTEM32\IPHLPAPI.DLL
0x00007ffe205b0000 - 0x00007ffe2067c000 	C:\WINDOWS\SYSTEM32\DNSAPI.dll
0x00007ffe21dd0000 - 0x00007ffe21dd8000 	C:\WINDOWS\System32\NSI.dll
0x00007ffdf3510000 - 0x00007ffdf3522000 	C:\WINDOWS\System32\winrnr.dll
0x00007ffe19420000 - 0x00007ffe1942a000 	C:\Windows\System32\rasadhlp.dll
0x00007ffe148d0000 - 0x00007ffe1494f000 	C:\WINDOWS\System32\fwpuclnt.dll
0x00007ffe21410000 - 0x00007ffe21437000 	C:\WINDOWS\System32\bcrypt.dll

dbghelp: loaded successfully - version: 4.0.5 - missing functions: none
symbol engine: initialized successfully - sym options: 0x614 - pdb path: .;C:\Program Files\Java\jdk-10.0.1\bin;C:\WINDOWS\SYSTEM32;C:\WINDOWS\WinSxS\amd64_microsoft.windows.common-controls_6595b64144ccf1df_6.0.19041.844_none_ca00b6081b84eb1d;C:\Program Files\Java\jdk-10.0.1\bin\server

VM Arguments:
jvm_args: -agentlib:jdwp=transport=dt_socket,address=127.0.0.1:12187,suspend=y,server=n -ea -Didea.test.cyclic.buffer.size=1048576 -javaagent:C:\Users\王\.IntelliJIdea2019.3\system\captureAgent\debugger-agent.jar -Dfile.encoding=UTF-8 
java_command: com.intellij.rt.junit.JUnitStarter -ideVersion5 -junit5 com.viviwilliam.mmall.service.impl.ProductCategoryServiceImplTest,getRecommendProductCategoryVO
java_class_path (initial): E:\IntelliJ IDEA 2019.3.1\lib\idea_rt.jar;E:\IntelliJ IDEA 2019.3.1\plugins\junit\lib\junit5-rt.jar;E:\IntelliJ IDEA 2019.3.1\plugins\junit\lib\junit-rt.jar;D:\code\java\2020-sipc-practice-master\2020-sipc-practice-master\mmall\target\test-classes;D:\code\java\2020-sipc-practice-master\2020-sipc-practice-master\mmall\target\classes;C:\Users\王\.m2\repository\org\springframework\boot\spring-boot-starter-thymeleaf\2.5.0\spring-boot-starter-thymeleaf-2.5.0.jar;C:\Users\王\.m2\repository\org\springframework\boot\spring-boot-starter\2.5.0\spring-boot-starter-2.5.0.jar;C:\Users\王\.m2\repository\org\springframework\boot\spring-boot\2.5.0\spring-boot-2.5.0.jar;C:\Users\王\.m2\repository\org\springframework\boot\spring-boot-starter-logging\2.5.0\spring-boot-starter-logging-2.5.0.jar;C:\Users\王\.m2\repository\ch\qos\logback\logback-classic\1.2.3\logback-classic-1.2.3.jar;C:\Users\王\.m2\repository\ch\qos\logback\logback-core\1.2.3\logback-core-1.2.3.jar;C:\Users\王\.m2\repository\org\apache\logging\log4j\log4j-to-slf4j\2.14.1\log4j-to-slf4j-2.14.1.jar;C:\Users\王\.m2\repository\org\apache\logging\log4j\log4j-api\2.14.1\log4j-api-2.14.1.jar;C:\Users\王\.m2\repository\org\slf4j\jul-to-slf4j\1.7.30\jul-to-slf4j-1.7.30.jar;C:\Users\王\.m2\repository\jakarta\annotation\jakarta.annotation-api\1.3.5\jakarta.annotation-api-1.3.5.jar;C:\Users\王\.m2\repository\org\yaml\snakeyaml\1.28\snakeyaml-1.28.jar;C:\Users\王\.m2\repository\org\thymeleaf\thymeleaf-spring5\3.0.12.RELEASE\thymeleaf-spring5-3.0.12.RELEASE.jar;C:\Users\王\.m2\repository\org\thymeleaf\thymeleaf\3.0.12.RELEASE\thymeleaf-3.0.12.RELEASE.jar;C:\Users\王\.m2\repository\org\attoparser\attoparser\2.0.5.RELEASE\attoparser-2.0.5.RELEASE.jar;C:\Users\王\.m2\repository\org\unbescape\unbescape\1.1.6.RELEASE\unbescape-1.1.6.RELEASE.jar;C:\Users\王\.m2\repository\org\slf4j\slf4j-api\1.7.30\slf4j-api-1.7.30.jar;C:\Users\王\.m2\repository\org\thymeleaf\extras\thymeleaf-extras-java8time\3.0.4.RELEASE\thy
Launcher Type: SUN_STANDARD

Logging:
Log output configuration:
#0: stdout all=warning uptime,level,tags
#1: stderr all=off uptime,level,tags

Environment Variables:
JAVA_HOME=C:\Program Files\Java\jdk-10.0.1
CLASSPATH=.;.;C:\PROGRA~2\JMF21~1.1E\lib\sound.jar;C:\PROGRA~2\JMF21~1.1E\lib\jmf.jar;C:\PROGRA~2\JMF21~1.1E\lib;
PATH=C:\Program Files\Java\jdk-10.0.1\jre\bin;C:\Program Files\Java\jdk-10.0.1\bin;E:\Xshell\;C:\Program Files (x86)\Common Files\Intel\Shared Libraries\redist\intel64\compiler;C:\ProgramData\Oracle\Java\javapath;C:\Program Files (x86)\Common Files\Oracle\Java\javapath;C:\Program Files\Microsoft MPI\Bin\;C:\Windows\Microsoft.NET\Framework\v4.0.30319;C:\Program Files\dotnet\;C:\Program Files (x86)\Windows Kits\10\Windows Performance Toolkit\;C:\Program Files\Git\cmd;C:\Program Files (x86)\GtkSharp\2.12\bin;c:\windows\system32;C:\WINDOWS\system32;C:\WINDOWS;C:\WINDOWS\System32\Wbem;C:\WINDOWS\System32\WindowsPowerShell\v1.0\;C:\WINDOWS\System32\OpenSSH\;E:\Matlab\runtime\win64;E:\Matlab\bin;E:\mysql-8.0.12-winx64\bin;F:\opencv\build\java\x64;C:\Users\王\AppData\Roaming\Python\Python36\Scripts;C:\Program Files (x86)\Windows Live\Shared;E:\Maven\apache-maven-3.6.1\bin;C:\Program Files\Microsoft SQL Server\Client SDK\ODBC\130\Tools\Binn\;C:\Program Files (x86)\Microsoft SQL Server\140\Tools\Binn\;C:\Program Files\Microsoft SQL Server\140\Tools\Binn\;C:\Program Files\Microsoft SQL Server\140\DTS\Binn\;E:\Python\Scripts\pip3.exe;E:\Python\;E:\Python\Lib\site-packages\django;E:\Python\Scripts;C:\Program Files\nodejs\;E:\apache-tomcat-9.0.31\bin;E:\apache-tomcat-9.0.31\lib;C:\Users\王\.cargo\bin;E:\Ruby26-x64\bin;E:\Python\Scripts\;E:\Python\;C:\Users\王\AppData\Local\Microsoft\WindowsApps;G:\Fiddler;G:\Microsoft VS Code\bin;E:\IntelliJ IDEA 2019.3.1\bin;C:\Users\王\AppData\Roaming\npm;E:\WebStorm 2019.3.1\bin;C:\Users\王\AppData\Local\atom\bin;%USERPROFILE%\AppData\Local\Microsoft\WindowsApps;
USERNAME=王
OS=Windows_NT
PROCESSOR_IDENTIFIER=Intel64 Family 6 Model 94 Stepping 3, GenuineIntel



---------------  S Y S T E M  ---------------

OS: Windows 10 , 64 bit Build 19041 (10.0.19041.928)

CPU:total 4 (initial active 4) (4 cores per cpu, 1 threads per core) family 6 model 94 stepping 3, cmov, cx8, fxsr, mmx, sse, sse2, sse3, ssse3, sse4.1, sse4.2, popcnt, avx, avx2, aes, clmul, erms, rtm, 3dnowpref, lzcnt, tsc, tscinvbit, bmi1, bmi2, adx, fma

Memory: 4k page, physical 8281976k(818856k free), swap 14573432k(1148k free)

vm_info: Java HotSpot(TM) 64-Bit Server VM (10.0.1+10) for windows-amd64 JRE (10.0.1+10), built on Mar 27 2018 02:27:48 by "mach5one" with MS VC++ 12.0 (VS2013)

END.
