#
# There is insufficient memory for the Java Runtime Environment to continue.
# Native memory allocation (malloc) failed to allocate 2472336 bytes for Chunk::new
# Possible reasons:
#   The system is out of physical RAM or swap space
#   The process is running with CompressedOops enabled, and the Java Heap may be blocking the growth of the native heap
# Possible solutions:
#   Reduce memory load on the system
#   Increase physical memory or swap space
#   Check if swap backing store is full
#   Decrease Java heap size (-Xmx/-Xms)
#   Decrease number of Java threads
#   Decrease Java thread stack sizes (-Xss)
#   Set larger code cache with -XX:ReservedCodeCacheSize=
#   JVM is running with Unscaled Compressed Oops mode in which the Java heap is
#     placed in the first 4GB address space. The Java Heap base address is the
#     maximum limit for the native heap growth. Please use -XX:HeapBaseMinAddress
#     to set the Java Heap base and to place the Java Heap above 4GB virtual address.
# This output file may be truncated or incomplete.
#
#  Out of Memory Error (t:/workspace/open/src/hotspot/share/memory/arena.cpp:198), pid=11044, tid=8524
#
# JRE version: Java(TM) SE Runtime Environment (10.0.1+10) (build 10.0.1+10)
# Java VM: Java HotSpot(TM) 64-Bit Server VM (10.0.1+10, mixed mode, tiered, compressed oops, g1 gc, windows-amd64)
# No core dump will be written. Minidumps are not enabled by default on client versions of Windows
#

---------------  S U M M A R Y ------------

Command Line: -agentlib:jdwp=transport=dt_socket,address=127.0.0.1:12233,suspend=y,server=n -ea -Didea.test.cyclic.buffer.size=1048576 -javaagent:C:\Users\王\.IntelliJIdea2019.3\system\captureAgent\debugger-agent.jar -Dfile.encoding=UTF-8 com.intellij.rt.junit.JUnitStarter -ideVersion5 -junit5 com.viviwilliam.mmall.service.impl.ProductCategoryServiceImplTest,getAllProductCategoryVO

Host: Intel(R) Core(TM) i5-6300HQ CPU @ 2.30GHz, 4 cores, 7G,  Windows 10 , 64 bit Build 19041 (10.0.19041.928)
Time: Mon May 31 10:54:34 2021 ?D1ú±ê×?ê±?? elapsed time: 7 seconds (0d 0h 0m 7s)

---------------  T H R E A D  ---------------

Current thread (0x00000249c99fe800):  JavaThread "C2 CompilerThread1" daemon [_thread_in_native, id=8524, stack(0x000000f754c00000,0x000000f754d00000)]


Current CompileTask:
C2:   7757 4432       4       org.springframework.asm.Frame::execute (2305 bytes)

Stack: [0x000000f754c00000,0x000000f754d00000]
Native frames: (J=compiled Java code, j=interpreted, Vv=VM code, C=native code)
V  [jvm.dll+0x5a0369]
V  [jvm.dll+0x6bcf81]
V  [jvm.dll+0x6be176]
V  [jvm.dll+0x6be803]
V  [jvm.dll+0x234998]
V  [jvm.dll+0xbb92c]
V  [jvm.dll+0xbbe2c]
V  [jvm.dll+0x34bd41]
V  [jvm.dll+0x18f09c]
V  [jvm.dll+0x1ffeed]
V  [jvm.dll+0x1ff066]
V  [jvm.dll+0x17ca6b]
V  [jvm.dll+0x20c81d]
V  [jvm.dll+0x20b5e6]
V  [jvm.dll+0x68bb6f]
V  [jvm.dll+0x59f680]
C  [msvcr120.dll+0x24f7f]
C  [msvcr120.dll+0x25126]
C  [KERNEL32.DLL+0x17034]
C  [ntdll.dll+0x52651]


---------------  P R O C E S S  ---------------

Threads class SMR info:
_java_thread_list=0x00000249cd9ba230, length=18, elements={
0x00000249a8616000, 0x00000249c99cc000, 0x00000249c99d6000, 0x00000249ca2b3000,
0x00000249c99f9000, 0x00000249c99fb800, 0x00000249c99fe800, 0x00000249c9a0e800,
0x00000249ca31c800, 0x00000249ca695000, 0x00000249ca73e800, 0x00000249ca70f000,
0x00000249ca4bd800, 0x00000249ca8da800, 0x00000249cf3ae800, 0x00000249d1d78800,
0x00000249cbabb800, 0x00000249cd998800
}

Java Threads: ( => current thread )
  0x00000249a8616000 JavaThread "main" [_thread_in_Java, id=1928, stack(0x000000f753a00000,0x000000f753b00000)]
  0x00000249c99cc000 JavaThread "Reference Handler" daemon [_thread_blocked, id=13864, stack(0x000000f754700000,0x000000f754800000)]
  0x00000249c99d6000 JavaThread "Finalizer" daemon [_thread_blocked, id=12416, stack(0x000000f754800000,0x000000f754900000)]
  0x00000249ca2b3000 JavaThread "Signal Dispatcher" daemon [_thread_blocked, id=10824, stack(0x000000f754900000,0x000000f754a00000)]
  0x00000249c99f9000 JavaThread "Attach Listener" daemon [_thread_blocked, id=6244, stack(0x000000f754a00000,0x000000f754b00000)]
  0x00000249c99fb800 JavaThread "C2 CompilerThread0" daemon [_thread_in_native, id=1736, stack(0x000000f754b00000,0x000000f754c00000)]
=>0x00000249c99fe800 JavaThread "C2 CompilerThread1" daemon [_thread_in_native, id=8524, stack(0x000000f754c00000,0x000000f754d00000)]
  0x00000249c9a0e800 JavaThread "C1 CompilerThread2" daemon [_thread_in_native, id=15772, stack(0x000000f754d00000,0x000000f754e00000)]
  0x00000249ca31c800 JavaThread "Sweeper thread" daemon [_thread_blocked, id=17232, stack(0x000000f754e00000,0x000000f754f00000)]
  0x00000249ca695000 JavaThread "JDWP Transport Listener: dt_socket" daemon [_thread_blocked, id=11748, stack(0x000000f754f00000,0x000000f755000000)]
  0x00000249ca73e800 JavaThread "JDWP Event Helper Thread" daemon [_thread_blocked, id=4340, stack(0x000000f755000000,0x000000f755100000)]
  0x00000249ca70f000 JavaThread "JDWP Command Reader" daemon [_thread_in_native, id=14932, stack(0x000000f755100000,0x000000f755200000)]
  0x00000249ca4bd800 JavaThread "Common-Cleaner" daemon [_thread_blocked, id=16788, stack(0x000000f755200000,0x000000f755300000)]
  0x00000249ca8da800 JavaThread "Service Thread" daemon [_thread_blocked, id=1264, stack(0x000000f755300000,0x000000f755400000)]
  0x00000249cf3ae800 JavaThread "mysql-cj-abandoned-connection-cleanup" daemon [_thread_blocked, id=3656, stack(0x000000f755500000,0x000000f755600000)]
  0x00000249d1d78800 JavaThread "ForkJoinPool.commonPool-worker-1" daemon [_thread_blocked, id=16180, stack(0x000000f755600000,0x000000f755700000)]
  0x00000249cbabb800 JavaThread "ForkJoinPool.commonPool-worker-2" daemon [_thread_blocked, id=12820, stack(0x000000f755700000,0x000000f755800000)]
  0x00000249cd998800 JavaThread "ForkJoinPool.commonPool-worker-3" daemon [_thread_blocked, id=14032, stack(0x000000f755800000,0x000000f755900000)]

Other Threads:
  0x00000249c99c8800 VMThread "VM Thread" [stack: 0x000000f754600000,0x000000f754700000] [id=16520]
  0x00000249caae6000 WatcherThread [stack: 0x000000f755400000,0x000000f755500000] [id=13900]
  0x00000249a8630000 GCTaskThread "GC Thread#0" [stack: 0x000000f753b00000,0x000000f753c00000] [id=16312]
  0x00000249a8631000 GCTaskThread "GC Thread#1" [stack: 0x000000f753c00000,0x000000f753d00000] [id=6796]
  0x00000249a8633000 GCTaskThread "GC Thread#2" [stack: 0x000000f753d00000,0x000000f753e00000] [id=13328]
  0x00000249a8635000 GCTaskThread "GC Thread#3" [stack: 0x000000f753e00000,0x000000f753f00000] [id=4908]
  0x00000249a86a0000 ConcurrentGCThread "G1 Main Marker" [stack: 0x000000f753f00000,0x000000f754000000] [id=8952]
  0x00000249a86a3000 ConcurrentGCThread "G1 Conc#0" [stack: 0x000000f754000000,0x000000f754100000] [id=15408]
  0x00000249a86ee000 ConcurrentGCThread "G1 Refine#0" [stack: 0x000000f754100000,0x000000f754200000] [id=3956]
  0x00000249c984b800 ConcurrentGCThread "G1 Refine#1" [stack: 0x000000f754200000,0x000000f754300000] [id=1612]
  0x00000249c984c000 ConcurrentGCThread "G1 Refine#2" [stack: 0x000000f754300000,0x000000f754400000] [id=14016]
  0x00000249c984d800 ConcurrentGCThread "G1 Refine#3" [stack: 0x000000f754400000,0x000000f754500000] [id=16620]
  0x00000249c9851000 ConcurrentGCThread "G1 Young RemSet Sampling" [stack: 0x000000f754500000,0x000000f754600000] [id=14756]

Threads with active compile tasks:
C2 CompilerThread04690       4       java.util.function.BiPredicate$$Lambda$398/1878700101::test (14 bytes)
C2 CompilerThread14432       4       org.springframework.asm.Frame::execute (2305 bytes)

VM state:not at safepoint (normal execution)

VM Mutex/Monitor currently owned by a thread: None

Heap address: 0x0000000081a00000, size: 2022 MB, Compressed Oops mode: 32-bit
Narrow klass base: 0x0000000000000000, Narrow klass shift: 3
Compressed class space size: 1073741824 Address: 0x0000000100000000

Heap:
 garbage-first heap   total 157696K, used 66797K [0x0000000081a00000, 0x0000000100000000)
  region size 1024K, 56 young (57344K), 6 survivors (6144K)
 Metaspace       used 41694K, capacity 43123K, committed 43520K, reserved 1087488K
  class space    used 4731K, capacity 5309K, committed 5376K, reserved 1048576K
Heap Regions: E=young(eden), S=young(survivor), O=old, HS=humongous(starts), HC=humongous(continues), CS=collection set, F=free, A=archive, TS=gc time stamp, AC=allocation context, TAMS=top-at-mark-start (previous, next)
|   0|0x0000000081a00000, 0x0000000081b00000, 0x0000000081b00000|100%| O|  |TS  0|AC  0|TAMS 0x0000000081b00000, 0x0000000081b00000|
|   1|0x0000000081b00000, 0x0000000081c00000, 0x0000000081c00000|100%| O|  |TS  0|AC  0|TAMS 0x0000000081c00000, 0x0000000081c00000|
|   2|0x0000000081c00000, 0x0000000081d00000, 0x0000000081d00000|100%| O|  |TS  0|AC  0|TAMS 0x0000000081d00000, 0x0000000081d00000|
|   3|0x0000000081d00000, 0x0000000081e00000, 0x0000000081e00000|100%| O|  |TS  0|AC  0|TAMS 0x0000000081e00000, 0x0000000081e00000|
|   4|0x0000000081e00000, 0x0000000081f00000, 0x0000000081f00000|100%| O|  |TS  0|AC  0|TAMS 0x0000000081f00000, 0x0000000081f00000|
|   5|0x0000000081f00000, 0x0000000082000000, 0x0000000082000000|100%| O|  |TS  0|AC  0|TAMS 0x0000000082000000, 0x0000000082000000|
|   6|0x0000000082000000, 0x0000000082100000, 0x0000000082100000|100%| O|  |TS  0|AC  0|TAMS 0x0000000082100000, 0x0000000082100000|
|   7|0x0000000082100000, 0x0000000082200000, 0x0000000082200000|100%| O|  |TS  1|AC  0|TAMS 0x0000000082126600, 0x0000000082126600|
|   8|0x0000000082200000, 0x0000000082300000, 0x0000000082300000|100%| O|  |TS  1|AC  0|TAMS 0x0000000082200000, 0x0000000082200000|
|   9|0x0000000082300000, 0x0000000082400000, 0x0000000082400000|100%| O|  |TS  1|AC  0|TAMS 0x0000000082300000, 0x0000000082300000|
|  10|0x0000000082400000, 0x00000000824a3600, 0x0000000082500000| 63%| O|  |TS  1|AC  0|TAMS 0x0000000082400000, 0x0000000082400000|
|  11|0x0000000082500000, 0x0000000082500000, 0x0000000082600000|  0%| F|  |TS  0|AC  0|TAMS 0x0000000082500000, 0x0000000082500000|
|  12|0x0000000082600000, 0x0000000082600000, 0x0000000082700000|  0%| F|  |TS  0|AC  0|TAMS 0x0000000082600000, 0x0000000082600000|
|  13|0x0000000082700000, 0x0000000082700000, 0x0000000082800000|  0%| F|  |TS  0|AC  0|TAMS 0x0000000082700000, 0x0000000082700000|
|  14|0x0000000082800000, 0x0000000082800000, 0x0000000082900000|  0%| F|  |TS  0|AC  0|TAMS 0x0000000082800000, 0x0000000082800000|
|  15|0x0000000082900000, 0x0000000082900000, 0x0000000082a00000|  0%| F|  |TS  0|AC  0|TAMS 0x0000000082900000, 0x0000000082900000|
|  16|0x0000000082a00000, 0x0000000082a00000, 0x0000000082b00000|  0%| F|  |TS  0|AC  0|TAMS 0x0000000082a00000, 0x0000000082a00000|
|  17|0x0000000082b00000, 0x0000000082b00000, 0x0000000082c00000|  0%| F|  |TS  0|AC  0|TAMS 0x0000000082b00000, 0x0000000082b00000|
|  18|0x0000000082c00000, 0x0000000082c00000, 0x0000000082d00000|  0%| F|  |TS  0|AC  0|TAMS 0x0000000082c00000, 0x0000000082c00000|
|  19|0x0000000082d00000, 0x0000000082d00000, 0x0000000082e00000|  0%| F|  |TS  0|AC  0|TAMS 0x0000000082d00000, 0x0000000082d00000|
|  20|0x0000000082e00000, 0x0000000082e00000, 0x0000000082f00000|  0%| F|  |TS  0|AC  0|TAMS 0x0000000082e00000, 0x0000000082e00000|
|  21|0x0000000082f00000, 0x0000000082f00000, 0x0000000083000000|  0%| F|  |TS  0|AC  0|TAMS 0x0000000082f00000, 0x0000000082f00000|
|  22|0x0000000083000000, 0x0000000083000000, 0x0000000083100000|  0%| F|  |TS  0|AC  0|TAMS 0x0000000083000000, 0x0000000083000000|
|  23|0x0000000083100000, 0x0000000083100000, 0x0000000083200000|  0%| F|  |TS  0|AC  0|TAMS 0x0000000083100000, 0x0000000083100000|
|  24|0x0000000083200000, 0x0000000083200000, 0x0000000083300000|  0%| F|  |TS  0|AC  0|TAMS 0x0000000083200000, 0x0000000083200000|
|  25|0x0000000083300000, 0x0000000083300000, 0x0000000083400000|  0%| F|  |TS  0|AC  0|TAMS 0x0000000083300000, 0x0000000083300000|
|  26|0x0000000083400000, 0x0000000083400000, 0x0000000083500000|  0%| F|  |TS  0|AC  0|TAMS 0x0000000083400000, 0x0000000083400000|
|  27|0x0000000083500000, 0x0000000083500000, 0x0000000083600000|  0%| F|  |TS  0|AC  0|TAMS 0x0000000083500000, 0x0000000083500000|
|  28|0x0000000083600000, 0x0000000083600000, 0x0000000083700000|  0%| F|  |TS  0|AC  0|TAMS 0x0000000083600000, 0x0000000083600000|
|  29|0x0000000083700000, 0x0000000083700000, 0x0000000083800000|  0%| F|  |TS  0|AC  0|TAMS 0x0000000083700000, 0x0000000083700000|
|  30|0x0000000083800000, 0x0000000083800000, 0x0000000083900000|  0%| F|  |TS  0|AC  0|TAMS 0x0000000083800000, 0x0000000083800000|
|  31|0x0000000083900000, 0x0000000083900000, 0x0000000083a00000|  0%| F|  |TS  0|AC  0|TAMS 0x0000000083900000, 0x0000000083900000|
|  32|0x0000000083a00000, 0x0000000083a00000, 0x0000000083b00000|  0%| F|  |TS  0|AC  0|TAMS 0x0000000083a00000, 0x0000000083a00000|
|  33|0x0000000083b00000, 0x0000000083b00000, 0x0000000083c00000|  0%| F|  |TS  0|AC  0|TAMS 0x0000000083b00000, 0x0000000083b00000|
|  34|0x0000000083c00000, 0x0000000083c00000, 0x0000000083d00000|  0%| F|  |TS  0|AC  0|TAMS 0x0000000083c00000, 0x0000000083c00000|
|  35|0x0000000083d00000, 0x0000000083d00000, 0x0000000083e00000|  0%| F|  |TS  0|AC  0|TAMS 0x0000000083d00000, 0x0000000083d00000|
|  36|0x0000000083e00000, 0x0000000083e00000, 0x0000000083f00000|  0%| F|  |TS  0|AC  0|TAMS 0x0000000083e00000, 0x0000000083e00000|
|  37|0x0000000083f00000, 0x0000000083f00000, 0x0000000084000000|  0%| F|  |TS  0|AC  0|TAMS 0x0000000083f00000, 0x0000000083f00000|
|  38|0x0000000084000000, 0x0000000084000000, 0x0000000084100000|  0%| F|  |TS  0|AC  0|TAMS 0x0000000084000000, 0x0000000084000000|
|  39|0x0000000084100000, 0x0000000084100000, 0x0000000084200000|  0%| F|  |TS  0|AC  0|TAMS 0x0000000084100000, 0x0000000084100000|
|  40|0x0000000084200000, 0x0000000084200000, 0x0000000084300000|  0%| F|  |TS  0|AC  0|TAMS 0x0000000084200000, 0x0000000084200000|
|  41|0x0000000084300000, 0x0000000084300000, 0x0000000084400000|  0%| F|  |TS  0|AC  0|TAMS 0x0000000084300000, 0x0000000084300000|
|  42|0x0000000084400000, 0x0000000084400000, 0x0000000084500000|  0%| F|  |TS  0|AC  0|TAMS 0x0000000084400000, 0x0000000084400000|
|  43|0x0000000084500000, 0x0000000084500000, 0x0000000084600000|  0%| F|  |TS  0|AC  0|TAMS 0x0000000084500000, 0x0000000084500000|
|  44|0x0000000084600000, 0x0000000084600000, 0x0000000084700000|  0%| F|  |TS  0|AC  0|TAMS 0x0000000084600000, 0x0000000084600000|
|  45|0x0000000084700000, 0x0000000084700000, 0x0000000084800000|  0%| F|  |TS  0|AC  0|TAMS 0x0000000084700000, 0x0000000084700000|
|  46|0x0000000084800000, 0x0000000084897ef0, 0x0000000084900000| 59%| S|CS|TS  1|AC  0|TAMS 0x0000000084800000, 0x0000000084800000|
|  47|0x0000000084900000, 0x0000000084a00000, 0x0000000084a00000|100%| S|CS|TS  1|AC  0|TAMS 0x0000000084900000, 0x0000000084900000|
|  48|0x0000000084a00000, 0x0000000084b00000, 0x0000000084b00000|100%| S|CS|TS  1|AC  0|TAMS 0x0000000084a00000, 0x0000000084a00000|
|  49|0x0000000084b00000, 0x0000000084c00000, 0x0000000084c00000|100%| S|CS|TS  1|AC  0|TAMS 0x0000000084b00000, 0x0000000084b00000|
|  50|0x0000000084c00000, 0x0000000084d00000, 0x0000000084d00000|100%| S|CS|TS  1|AC  0|TAMS 0x0000000084c00000, 0x0000000084c00000|
|  51|0x0000000084d00000, 0x0000000084e00000, 0x0000000084e00000|100%| S|CS|TS  1|AC  0|TAMS 0x0000000084d00000, 0x0000000084d00000|
|  52|0x0000000084e00000, 0x0000000084e00000, 0x0000000084f00000|  0%| F|  |TS  1|AC  0|TAMS 0x0000000084e00000, 0x0000000084e00000|
|  53|0x0000000084f00000, 0x0000000084f00000, 0x0000000085000000|  0%| F|  |TS  1|AC  0|TAMS 0x0000000084f00000, 0x0000000084f00000|
|  54|0x0000000085000000, 0x0000000085000000, 0x0000000085100000|  0%| F|  |TS  1|AC  0|TAMS 0x0000000085000000, 0x0000000085000000|
|  55|0x0000000085100000, 0x0000000085100000, 0x0000000085200000|  0%| F|  |TS  1|AC  0|TAMS 0x0000000085100000, 0x0000000085100000|
|  56|0x0000000085200000, 0x0000000085200000, 0x0000000085300000|  0%| F|  |TS  1|AC  0|TAMS 0x0000000085200000, 0x0000000085200000|
|  57|0x0000000085300000, 0x0000000085300000, 0x0000000085400000|  0%| F|  |TS  1|AC  0|TAMS 0x0000000085300000, 0x0000000085300000|
|  58|0x0000000085400000, 0x0000000085400000, 0x0000000085500000|  0%| F|  |TS  1|AC  0|TAMS 0x0000000085400000, 0x0000000085400000|
|  59|0x0000000085500000, 0x0000000085500000, 0x0000000085600000|  0%| F|  |TS  1|AC  0|TAMS 0x0000000085500000, 0x0000000085500000|
|  60|0x0000000085600000, 0x0000000085600000, 0x0000000085700000|  0%| F|  |TS  1|AC  0|TAMS 0x0000000085600000, 0x0000000085600000|
|  61|0x0000000085700000, 0x0000000085700000, 0x0000000085800000|  0%| F|  |TS  1|AC  0|TAMS 0x0000000085700000, 0x0000000085700000|
|  62|0x0000000085800000, 0x0000000085800000, 0x0000000085900000|  0%| F|  |TS  1|AC  0|TAMS 0x0000000085800000, 0x0000000085800000|
|  63|0x0000000085900000, 0x0000000085900000, 0x0000000085a00000|  0%| F|  |TS  1|AC  0|TAMS 0x0000000085900000, 0x0000000085900000|
|  64|0x0000000085a00000, 0x0000000085a00000, 0x0000000085b00000|  0%| F|  |TS  1|AC  0|TAMS 0x0000000085a00000, 0x0000000085a00000|
|  65|0x0000000085b00000, 0x0000000085b00000, 0x0000000085c00000|  0%| F|  |TS  1|AC  0|TAMS 0x0000000085b00000, 0x0000000085b00000|
|  66|0x0000000085c00000, 0x0000000085c00000, 0x0000000085d00000|  0%| F|  |TS  1|AC  0|TAMS 0x0000000085c00000, 0x0000000085c00000|
|  67|0x0000000085d00000, 0x0000000085d00000, 0x0000000085e00000|  0%| F|  |TS  1|AC  0|TAMS 0x0000000085d00000, 0x0000000085d00000|
|  68|0x0000000085e00000, 0x0000000085e00000, 0x0000000085f00000|  0%| F|  |TS  1|AC  0|TAMS 0x0000000085e00000, 0x0000000085e00000|
|  69|0x0000000085f00000, 0x0000000085f00000, 0x0000000086000000|  0%| F|  |TS  1|AC  0|TAMS 0x0000000085f00000, 0x0000000085f00000|
|  70|0x0000000086000000, 0x0000000086000000, 0x0000000086100000|  0%| F|  |TS  1|AC  0|TAMS 0x0000000086000000, 0x0000000086000000|
|  71|0x0000000086100000, 0x0000000086100000, 0x0000000086200000|  0%| F|  |TS  1|AC  0|TAMS 0x0000000086100000, 0x0000000086100000|
|  72|0x0000000086200000, 0x0000000086200000, 0x0000000086300000|  0%| F|  |TS  1|AC  0|TAMS 0x0000000086200000, 0x0000000086200000|
|  73|0x0000000086300000, 0x0000000086300000, 0x0000000086400000|  0%| F|  |TS  1|AC  0|TAMS 0x0000000086300000, 0x0000000086300000|
|  74|0x0000000086400000, 0x0000000086400000, 0x0000000086500000|  0%| F|  |TS  1|AC  0|TAMS 0x0000000086400000, 0x0000000086400000|
|  75|0x0000000086500000, 0x0000000086500000, 0x0000000086600000|  0%| F|  |TS  1|AC  0|TAMS 0x0000000086500000, 0x0000000086500000|
|  76|0x0000000086600000, 0x0000000086600000, 0x0000000086700000|  0%| F|  |TS  1|AC  0|TAMS 0x0000000086600000, 0x0000000086600000|
|  77|0x0000000086700000, 0x0000000086700000, 0x0000000086800000|  0%| F|  |TS  1|AC  0|TAMS 0x0000000086700000, 0x0000000086700000|
|  78|0x0000000086800000, 0x0000000086800000, 0x0000000086900000|  0%| F|  |TS  1|AC  0|TAMS 0x0000000086800000, 0x0000000086800000|
|  79|0x0000000086900000, 0x0000000086900000, 0x0000000086a00000|  0%| F|  |TS  1|AC  0|TAMS 0x0000000086900000, 0x0000000086900000|
|  80|0x0000000086a00000, 0x0000000086a00000, 0x0000000086b00000|  0%| F|  |TS  1|AC  0|TAMS 0x0000000086a00000, 0x0000000086a00000|
|  81|0x0000000086b00000, 0x0000000086b00000, 0x0000000086c00000|  0%| F|  |TS  1|AC  0|TAMS 0x0000000086b00000, 0x0000000086b00000|
|  82|0x0000000086c00000, 0x0000000086c00000, 0x0000000086d00000|  0%| F|  |TS  1|AC  0|TAMS 0x0000000086c00000, 0x0000000086c00000|
|  83|0x0000000086d00000, 0x0000000086d00000, 0x0000000086e00000|  0%| F|  |TS  1|AC  0|TAMS 0x0000000086d00000, 0x0000000086d00000|
|  84|0x0000000086e00000, 0x0000000086e00000, 0x0000000086f00000|  0%| F|  |TS  1|AC  0|TAMS 0x0000000086e00000, 0x0000000086e00000|
|  85|0x0000000086f00000, 0x0000000086f00000, 0x0000000087000000|  0%| F|  |TS  1|AC  0|TAMS 0x0000000086f00000, 0x0000000086f00000|
|  86|0x0000000087000000, 0x0000000087000000, 0x0000000087100000|  0%| F|  |TS  1|AC  0|TAMS 0x0000000087000000, 0x0000000087000000|
|  87|0x0000000087100000, 0x0000000087100000, 0x0000000087200000|  0%| F|  |TS  1|AC  0|TAMS 0x0000000087100000, 0x0000000087100000|
|  88|0x0000000087200000, 0x0000000087200000, 0x0000000087300000|  0%| F|  |TS  1|AC  0|TAMS 0x0000000087200000, 0x0000000087200000|
|  89|0x0000000087300000, 0x0000000087300000, 0x0000000087400000|  0%| F|  |TS  1|AC  0|TAMS 0x0000000087300000, 0x0000000087300000|
|  90|0x0000000087400000, 0x0000000087400000, 0x0000000087500000|  0%| F|  |TS  1|AC  0|TAMS 0x0000000087400000, 0x0000000087400000|
|  91|0x0000000087500000, 0x0000000087500000, 0x0000000087600000|  0%| F|  |TS  1|AC  0|TAMS 0x0000000087500000, 0x0000000087500000|
|  92|0x0000000087600000, 0x0000000087600000, 0x0000000087700000|  0%| F|  |TS  1|AC  0|TAMS 0x0000000087600000, 0x0000000087600000|
|  93|0x0000000087700000, 0x0000000087700000, 0x0000000087800000|  0%| F|  |TS  1|AC  0|TAMS 0x0000000087700000, 0x0000000087700000|
|  94|0x0000000087800000, 0x0000000087800000, 0x0000000087900000|  0%| F|  |TS  1|AC  0|TAMS 0x0000000087800000, 0x0000000087800000|
|  95|0x0000000087900000, 0x0000000087900000, 0x0000000087a00000|  0%| F|  |TS  1|AC  0|TAMS 0x0000000087900000, 0x0000000087900000|
|  96|0x0000000087a00000, 0x0000000087a00000, 0x0000000087b00000|  0%| F|  |TS  1|AC  0|TAMS 0x0000000087a00000, 0x0000000087a00000|
|  97|0x0000000087b00000, 0x0000000087b00000, 0x0000000087c00000|  0%| F|  |TS  1|AC  0|TAMS 0x0000000087b00000, 0x0000000087b00000|
|  98|0x0000000087c00000, 0x0000000087c00000, 0x0000000087d00000|  0%| F|  |TS  1|AC  0|TAMS 0x0000000087c00000, 0x0000000087c00000|
|  99|0x0000000087d00000, 0x0000000087d00000, 0x0000000087e00000|  0%| F|  |TS  1|AC  0|TAMS 0x0000000087d00000, 0x0000000087d00000|
| 100|0x0000000087e00000, 0x0000000087e00000, 0x0000000087f00000|  0%| F|  |TS  1|AC  0|TAMS 0x0000000087e00000, 0x0000000087e00000|
| 101|0x0000000087f00000, 0x0000000087f00000, 0x0000000088000000|  0%| F|  |TS  1|AC  0|TAMS 0x0000000087f00000, 0x0000000087f00000|
| 102|0x0000000088000000, 0x0000000088000000, 0x0000000088100000|  0%| F|  |TS  1|AC  0|TAMS 0x0000000088000000, 0x0000000088000000|
| 103|0x0000000088100000, 0x0000000088100000, 0x0000000088200000|  0%| F|  |TS  1|AC  0|TAMS 0x0000000088100000, 0x0000000088100000|
| 104|0x0000000088200000, 0x0000000088300000, 0x0000000088300000|100%| E|  |TS  1|AC  0|TAMS 0x0000000088200000, 0x0000000088200000|
| 105|0x0000000088300000, 0x0000000088400000, 0x0000000088400000|100%| E|CS|TS  1|AC  0|TAMS 0x0000000088300000, 0x0000000088300000|
| 106|0x0000000088400000, 0x0000000088500000, 0x0000000088500000|100%| E|CS|TS  1|AC  0|TAMS 0x0000000088400000, 0x0000000088400000|
| 107|0x0000000088500000, 0x0000000088600000, 0x0000000088600000|100%| E|CS|TS  1|AC  0|TAMS 0x0000000088500000, 0x0000000088500000|
| 108|0x0000000088600000, 0x0000000088700000, 0x0000000088700000|100%| E|CS|TS  1|AC  0|TAMS 0x0000000088600000, 0x0000000088600000|
| 109|0x0000000088700000, 0x0000000088800000, 0x0000000088800000|100%| E|CS|TS  1|AC  0|TAMS 0x0000000088700000, 0x0000000088700000|
| 110|0x0000000088800000, 0x0000000088900000, 0x0000000088900000|100%| E|CS|TS  1|AC  0|TAMS 0x0000000088800000, 0x0000000088800000|
| 111|0x0000000088900000, 0x0000000088a00000, 0x0000000088a00000|100%| E|CS|TS  1|AC  0|TAMS 0x0000000088900000, 0x0000000088900000|
| 112|0x0000000088a00000, 0x0000000088b00000, 0x0000000088b00000|100%| E|CS|TS  1|AC  0|TAMS 0x0000000088a00000, 0x0000000088a00000|
| 113|0x0000000088b00000, 0x0000000088c00000, 0x0000000088c00000|100%| E|CS|TS  1|AC  0|TAMS 0x0000000088b00000, 0x0000000088b00000|
| 114|0x0000000088c00000, 0x0000000088d00000, 0x0000000088d00000|100%| E|CS|TS  1|AC  0|TAMS 0x0000000088c00000, 0x0000000088c00000|
| 115|0x0000000088d00000, 0x0000000088e00000, 0x0000000088e00000|100%| E|CS|TS  1|AC  0|TAMS 0x0000000088d00000, 0x0000000088d00000|
| 116|0x0000000088e00000, 0x0000000088f00000, 0x0000000088f00000|100%| E|CS|TS  1|AC  0|TAMS 0x0000000088e00000, 0x0000000088e00000|
| 117|0x0000000088f00000, 0x0000000089000000, 0x0000000089000000|100%| E|CS|TS  1|AC  0|TAMS 0x0000000088f00000, 0x0000000088f00000|
| 118|0x0000000089000000, 0x0000000089100000, 0x0000000089100000|100%| E|CS|TS  1|AC  0|TAMS 0x0000000089000000, 0x0000000089000000|
| 119|0x0000000089100000, 0x0000000089200000, 0x0000000089200000|100%| E|CS|TS  1|AC  0|TAMS 0x0000000089100000, 0x0000000089100000|
| 120|0x0000000089200000, 0x0000000089300000, 0x0000000089300000|100%| E|CS|TS  1|AC  0|TAMS 0x0000000089200000, 0x0000000089200000|
| 121|0x0000000089300000, 0x0000000089400000, 0x0000000089400000|100%| E|CS|TS  1|AC  0|TAMS 0x0000000089300000, 0x0000000089300000|
| 122|0x0000000089400000, 0x0000000089500000, 0x0000000089500000|100%| E|CS|TS  1|AC  0|TAMS 0x0000000089400000, 0x0000000089400000|
| 123|0x0000000089500000, 0x0000000089600000, 0x0000000089600000|100%| E|CS|TS  1|AC  0|TAMS 0x0000000089500000, 0x0000000089500000|
| 124|0x0000000089600000, 0x0000000089700000, 0x0000000089700000|100%| E|CS|TS  1|AC  0|TAMS 0x0000000089600000, 0x0000000089600000|
| 125|0x0000000089700000, 0x0000000089800000, 0x0000000089800000|100%| E|CS|TS  1|AC  0|TAMS 0x0000000089700000, 0x0000000089700000|
| 126|0x0000000089800000, 0x0000000089900000, 0x0000000089900000|100%| E|CS|TS  1|AC  0|TAMS 0x0000000089800000, 0x0000000089800000|
| 127|0x0000000089900000, 0x0000000089a00000, 0x0000000089a00000|100%| E|CS|TS  1|AC  0|TAMS 0x0000000089900000, 0x0000000089900000|
| 128|0x0000000089a00000, 0x0000000089b00000, 0x0000000089b00000|100%| E|CS|TS  1|AC  0|TAMS 0x0000000089a00000, 0x0000000089a00000|
| 129|0x0000000089b00000, 0x0000000089c00000, 0x0000000089c00000|100%| E|CS|TS  1|AC  0|TAMS 0x0000000089b00000, 0x0000000089b00000|
| 130|0x0000000089c00000, 0x0000000089d00000, 0x0000000089d00000|100%| E|CS|TS  1|AC  0|TAMS 0x0000000089c00000, 0x0000000089c00000|
| 131|0x0000000089d00000, 0x0000000089e00000, 0x0000000089e00000|100%| E|CS|TS  1|AC  0|TAMS 0x0000000089d00000, 0x0000000089d00000|
| 132|0x0000000089e00000, 0x0000000089f00000, 0x0000000089f00000|100%| E|CS|TS  1|AC  0|TAMS 0x0000000089e00000, 0x0000000089e00000|
| 133|0x0000000089f00000, 0x000000008a000000, 0x000000008a000000|100%| E|CS|TS  1|AC  0|TAMS 0x0000000089f00000, 0x0000000089f00000|
| 134|0x000000008a000000, 0x000000008a100000, 0x000000008a100000|100%| E|CS|TS  1|AC  0|TAMS 0x000000008a000000, 0x000000008a000000|
| 135|0x000000008a100000, 0x000000008a200000, 0x000000008a200000|100%| E|CS|TS  1|AC  0|TAMS 0x000000008a100000, 0x000000008a100000|
| 136|0x000000008a200000, 0x000000008a300000, 0x000000008a300000|100%| E|CS|TS  1|AC  0|TAMS 0x000000008a200000, 0x000000008a200000|
| 137|0x000000008a300000, 0x000000008a400000, 0x000000008a400000|100%| E|CS|TS  1|AC  0|TAMS 0x000000008a300000, 0x000000008a300000|
| 138|0x000000008a400000, 0x000000008a500000, 0x000000008a500000|100%| E|CS|TS  1|AC  0|TAMS 0x000000008a400000, 0x000000008a400000|
| 139|0x000000008a500000, 0x000000008a600000, 0x000000008a600000|100%| E|CS|TS  1|AC  0|TAMS 0x000000008a500000, 0x000000008a500000|
| 140|0x000000008a600000, 0x000000008a700000, 0x000000008a700000|100%| E|CS|TS  1|AC  0|TAMS 0x000000008a600000, 0x000000008a600000|
| 141|0x000000008a700000, 0x000000008a800000, 0x000000008a800000|100%| E|CS|TS  1|AC  0|TAMS 0x000000008a700000, 0x000000008a700000|
| 142|0x000000008a800000, 0x000000008a900000, 0x000000008a900000|100%| E|CS|TS  1|AC  0|TAMS 0x000000008a800000, 0x000000008a800000|
| 143|0x000000008a900000, 0x000000008aa00000, 0x000000008aa00000|100%| E|CS|TS  1|AC  0|TAMS 0x000000008a900000, 0x000000008a900000|
| 144|0x000000008aa00000, 0x000000008ab00000, 0x000000008ab00000|100%| E|CS|TS  1|AC  0|TAMS 0x000000008aa00000, 0x000000008aa00000|
| 145|0x000000008ab00000, 0x000000008ac00000, 0x000000008ac00000|100%| E|CS|TS  1|AC  0|TAMS 0x000000008ab00000, 0x000000008ab00000|
| 146|0x000000008ac00000, 0x000000008ad00000, 0x000000008ad00000|100%| E|CS|TS  1|AC  0|TAMS 0x000000008ac00000, 0x000000008ac00000|
| 147|0x000000008ad00000, 0x000000008ae00000, 0x000000008ae00000|100%| E|CS|TS  1|AC  0|TAMS 0x000000008ad00000, 0x000000008ad00000|
| 148|0x000000008ae00000, 0x000000008af00000, 0x000000008af00000|100%| E|CS|TS  1|AC  0|TAMS 0x000000008ae00000, 0x000000008ae00000|
| 149|0x000000008af00000, 0x000000008b000000, 0x000000008b000000|100%| E|CS|TS  1|AC  0|TAMS 0x000000008af00000, 0x000000008af00000|
| 150|0x000000008b000000, 0x000000008b100000, 0x000000008b100000|100%| E|CS|TS  1|AC  0|TAMS 0x000000008b000000, 0x000000008b000000|
| 151|0x000000008b100000, 0x000000008b200000, 0x000000008b200000|100%| E|CS|TS  1|AC  0|TAMS 0x000000008b100000, 0x000000008b100000|
| 152|0x000000008b200000, 0x000000008b300000, 0x000000008b300000|100%| E|CS|TS  1|AC  0|TAMS 0x000000008b200000, 0x000000008b200000|
| 153|0x000000008b300000, 0x000000008b400000, 0x000000008b400000|100%| E|CS|TS  1|AC  0|TAMS 0x000000008b300000, 0x000000008b300000|

Card table byte_map: [0x00000249c2da0000,0x00000249c31a0000] byte_map_base: 0x00000249c2993000

Marking Bits (Prev, Next): (CMBitMap*) 0x00000249a869f210, (CMBitMap*) 0x00000249a869f248
 Prev Bits: [0x00000249c35a0000, 0x00000249c5538000)
 Next Bits: [0x00000249c5540000, 0x00000249c74d8000)

Polling page: 0x00000249a6090000

CodeHeap 'non-profiled nmethods': size=120064Kb used=2530Kb max_used=2530Kb free=117533Kb
 bounds [0x00000249bb460000, 0x00000249bb6e0000, 0x00000249c29a0000]
CodeHeap 'profiled nmethods': size=120000Kb used=11828Kb max_used=11828Kb free=108171Kb
 bounds [0x00000249b3f30000, 0x00000249b4ac0000, 0x00000249bb460000]
CodeHeap 'non-nmethods': size=5696Kb used=1228Kb max_used=1285Kb free=4467Kb
 bounds [0x00000249b39a0000, 0x00000249b3c10000, 0x00000249b3f30000]
 total_blobs=6201 nmethods=4787 adapters=394
 compilation: enabled

Compilation events (10 events):
Event: 7.727 Thread 0x00000249c9a0e800 4774       3       java.util.stream.Collectors::toSet (26 bytes)
Event: 7.727 Thread 0x00000249c9a0e800 nmethod 4774 0x00000249b4aa9690 code [0x00000249b4aa98e0, 0x00000249b4aaa210]
Event: 7.727 Thread 0x00000249c9a0e800 4775       3       java.util.stream.Collectors$$Lambda$28/278934944::get (8 bytes)
Event: 7.727 Thread 0x00000249c9a0e800 nmethod 4775 0x00000249b4aaa510 code [0x00000249b4aaa700, 0x00000249b4aaac18]
Event: 7.729 Thread 0x00000249c9a0e800 4776   !   3       org.springframework.util.ReflectionUtils::doWithLocalFields (84 bytes)
Event: 7.730 Thread 0x00000249c9a0e800 nmethod 4776 0x00000249b4aaae10 code [0x00000249b4aab100, 0x00000249b4aabf10]
Event: 7.739 Thread 0x00000249c9a0e800 4777       1       org.springframework.beans.factory.support.AbstractBeanFactory::getConversionService (5 bytes)
Event: 7.740 Thread 0x00000249c9a0e800 nmethod 4777 0x00000249bb6d7d90 code [0x00000249bb6d7f40, 0x00000249bb6d8058]
Event: 7.748 Thread 0x00000249c9a0e800 4778       3       org.springframework.core.MethodParameter::getNestedParameterType (122 bytes)
Event: 7.749 Thread 0x00000249c9a0e800 nmethod 4778 0x00000249b4aac510 code [0x00000249b4aac800, 0x00000249b4aada90]

GC Heap History (10 events):
Event: 1.788 GC heap before
{Heap before GC invocations=2 (full 0):
 garbage-first heap   total 131072K, used 33608K [0x0000000081a00000, 0x0000000100000000)
  region size 1024K, 28 young (28672K), 1 survivors (1024K)
 Metaspace       used 15442K, capacity 15974K, committed 16128K, reserved 1062912K
  class space    used 1567K, capacity 1773K, committed 1792K, reserved 1048576K
}
Event: 1.795 GC heap after
{Heap after GC invocations=3 (full 0):
 garbage-first heap   total 131072K, used 7549K [0x0000000081a00000, 0x0000000100000000)
  region size 1024K, 3 young (3072K), 3 survivors (3072K)
 Metaspace       used 15442K, capacity 15974K, committed 16128K, reserved 1062912K
  class space    used 1567K, capacity 1773K, committed 1792K, reserved 1048576K
}
Event: 2.752 GC heap before
{Heap before GC invocations=3 (full 0):
 garbage-first heap   total 131072K, used 35197K [0x0000000081a00000, 0x0000000100000000)
  region size 1024K, 31 young (31744K), 3 survivors (3072K)
 Metaspace       used 20297K, capacity 20947K, committed 21296K, reserved 1069056K
  class space    used 2171K, capacity 2432K, committed 2432K, reserved 1048576K
}
Event: 2.757 GC heap after
{Heap after GC invocations=4 (full 0):
 garbage-first heap   total 131072K, used 8765K [0x0000000081a00000, 0x0000000100000000)
  region size 1024K, 4 young (4096K), 4 survivors (4096K)
 Metaspace       used 20297K, capacity 20947K, committed 21296K, reserved 1069056K
  class space    used 2171K, capacity 2432K, committed 2432K, reserved 1048576K
}
Event: 4.256 GC heap before
{Heap before GC invocations=5 (full 0):
 garbage-first heap   total 131072K, used 82493K [0x0000000081a00000, 0x0000000100000000)
  region size 1024K, 76 young (77824K), 4 survivors (4096K)
 Metaspace       used 29488K, capacity 30430K, committed 30848K, reserved 1077248K
  class space    used 3316K, capacity 3674K, committed 3712K, reserved 1048576K
}
Event: 4.266 GC heap after
{Heap after GC invocations=6 (full 0):
 garbage-first heap   total 131072K, used 11729K [0x0000000081a00000, 0x0000000100000000)
  region size 1024K, 7 young (7168K), 7 survivors (7168K)
 Metaspace       used 29488K, capacity 30430K, committed 30848K, reserved 1077248K
  class space    used 3316K, capacity 3674K, committed 3712K, reserved 1048576K
}
Event: 5.199 GC heap before
{Heap before GC invocations=6 (full 0):
 garbage-first heap   total 131072K, used 60881K [0x0000000081a00000, 0x0000000100000000)
  region size 1024K, 56 young (57344K), 7 survivors (7168K)
 Metaspace       used 34358K, capacity 35458K, committed 35708K, reserved 1081344K
  class space    used 3912K, capacity 4340K, committed 4352K, reserved 1048576K
}
Event: 5.211 GC heap after
{Heap after GC invocations=7 (full 0):
 garbage-first heap   total 131072K, used 14244K [0x0000000081a00000, 0x0000000100000000)
  region size 1024K, 7 young (7168K), 7 survivors (7168K)
 Metaspace       used 34358K, capacity 35458K, committed 35708K, reserved 1081344K
  class space    used 3912K, capacity 4340K, committed 4352K, reserved 1048576K
}
Event: 7.135 GC heap before
{Heap before GC invocations=8 (full 0):
 garbage-first heap   total 131072K, used 84900K [0x0000000081a00000, 0x0000000100000000)
  region size 1024K, 76 young (77824K), 7 survivors (7168K)
 Metaspace       used 39726K, capacity 40968K, committed 41472K, reserved 1085440K
  class space    used 4508K, capacity 5032K, committed 5120K, reserved 1048576K
}
Event: 7.147 GC heap after
{Heap after GC invocations=9 (full 0):
 garbage-first heap   total 157696K, used 16621K [0x0000000081a00000, 0x0000000100000000)
  region size 1024K, 6 young (6144K), 6 survivors (6144K)
 Metaspace       used 39726K, capacity 40968K, committed 41472K, reserved 1085440K
  class space    used 4508K, capacity 5032K, committed 5120K, reserved 1048576K
}

Deoptimization events (10 events):
Event: 7.039 Thread 0x00000249a8616000 Uncommon trap: reason=unstable_if action=reinterpret pc=0x00000249bb681630 method=java.util.concurrent.ConcurrentHashMap.get(Ljava/lang/Object;)Ljava/lang/Object; @ 86 c2
Event: 7.460 Thread 0x00000249a8616000 Uncommon trap: reason=unstable_if action=reinterpret pc=0x00000249bb577f50 method=java.nio.Buffer.position(I)Ljava/nio/Buffer; @ 45 c2
Event: 7.461 Thread 0x00000249a8616000 Uncommon trap: reason=unstable_if action=reinterpret pc=0x00000249bb52a33c method=java.nio.Buffer.position(I)Ljava/nio/Buffer; @ 45 c2
Event: 7.462 Thread 0x00000249a8616000 Uncommon trap: reason=unstable_if action=reinterpret pc=0x00000249bb4d9978 method=sun.net.www.ParseUtil.firstEncodeIndex(Ljava/lang/String;)I @ 51 c2
Event: 7.489 Thread 0x00000249a8616000 Uncommon trap: reason=class_check action=maybe_recompile pc=0x00000249bb687718 method=java.util.regex.Pattern$Start.match(Ljava/util/regex/Matcher;ILjava/lang/CharSequence;)Z @ 44 c2
Event: 7.491 Thread 0x00000249a8616000 Uncommon trap: reason=class_check action=maybe_recompile pc=0x00000249bb687718 method=java.util.regex.Pattern$Start.match(Ljava/util/regex/Matcher;ILjava/lang/CharSequence;)Z @ 44 c2
Event: 7.491 Thread 0x00000249a8616000 Uncommon trap: reason=class_check action=maybe_recompile pc=0x00000249bb687718 method=java.util.regex.Pattern$Start.match(Ljava/util/regex/Matcher;ILjava/lang/CharSequence;)Z @ 44 c2
Event: 7.492 Thread 0x00000249a8616000 Uncommon trap: reason=class_check action=maybe_recompile pc=0x00000249bb687718 method=java.util.regex.Pattern$Start.match(Ljava/util/regex/Matcher;ILjava/lang/CharSequence;)Z @ 44 c2
Event: 7.555 Thread 0x00000249a8616000 Uncommon trap: reason=unstable_if action=reinterpret pc=0x00000249bb69d1dc method=java.util.concurrent.ConcurrentHashMap.putVal(Ljava/lang/Object;Ljava/lang/Object;Z)Ljava/lang/Object; @ 202 c2
Event: 7.625 Thread 0x00000249a8616000 Uncommon trap: reason=unstable_if action=reinterpret pc=0x00000249bb670da0 method=java.lang.PublicMethods$MethodList.filter([Ljava/lang/reflect/Method;Ljava/lang/String;[Ljava/lang/Class;Z)Ljava/lang/PublicMethods$MethodList; @ 58 c2

Classes redefined (0 events):
No events

Internal exceptions (10 events):
Event: 7.735 Thread 0x00000249a8616000 Exception <a 'java/lang/ClassNotFoundException'{0x0000000088631b30}: java/lang/ObjectCustomizer> (0x0000000088631b30) thrown at [t:/workspace/open/src/hotspot/share/classfile/systemDictionary.cpp, line 233]
Event: 7.737 Thread 0x00000249a8616000 Exception <a 'java/lang/ClassNotFoundException'{0x00000000886463b8}: org/springframework/boot/web/servlet/error/DefaultErrorAttributesCustomizer> (0x00000000886463b8) thrown at [t:/workspace/open/src/hotspot/share/classfile/systemDictionary.cpp, line 233]
Event: 7.738 Thread 0x00000249a8616000 Exception <a 'java/lang/ClassNotFoundException'{0x000000008865c520}: org/springframework/boot/web/servlet/error/ErrorAttributesCustomizer> (0x000000008865c520) thrown at [t:/workspace/open/src/hotspot/share/classfile/systemDictionary.cpp, line 233]
Event: 7.738 Thread 0x00000249a8616000 Exception <a 'java/lang/ClassNotFoundException'{0x000000008866e8a0}: org/springframework/web/servlet/HandlerExceptionResolverCustomizer> (0x000000008866e8a0) thrown at [t:/workspace/open/src/hotspot/share/classfile/systemDictionary.cpp, line 233]
Event: 7.739 Thread 0x00000249a8616000 Exception <a 'java/lang/ClassNotFoundException'{0x000000008867cd08}: org/springframework/core/OrderedCustomizer> (0x000000008867cd08) thrown at [t:/workspace/open/src/hotspot/share/classfile/systemDictionary.cpp, line 233]
Event: 7.744 Thread 0x00000249a8616000 Exception <a 'java/lang/ClassNotFoundException'{0x00000000886bfe10}: java/lang/ObjectCustomizer> (0x00000000886bfe10) thrown at [t:/workspace/open/src/hotspot/share/classfile/systemDictionary.cpp, line 233]
Event: 7.745 Thread 0x00000249a8616000 Exception <a 'java/lang/ClassNotFoundException'{0x00000000886d5ec8}: org/springframework/boot/autoconfigure/web/servlet/error/AbstractErrorControllerCustomizer> (0x00000000886d5ec8) thrown at [t:/workspace/open/src/hotspot/share/classfile/systemDictionary
Event: 7.746 Thread 0x00000249a8616000 Exception <a 'java/lang/ClassNotFoundException'{0x00000000886e98e0}: org/springframework/boot/autoconfigure/web/servlet/error/BasicErrorControllerCustomizer> (0x00000000886e98e0) thrown at [t:/workspace/open/src/hotspot/share/classfile/systemDictionary.cp
Event: 7.746 Thread 0x00000249a8616000 Exception <a 'java/lang/ClassNotFoundException'{0x00000000886ff5b0}: org/springframework/boot/web/servlet/error/ErrorControllerCustomizer> (0x00000000886ff5b0) thrown at [t:/workspace/open/src/hotspot/share/classfile/systemDictionary.cpp, line 233]
Event: 7.755 Thread 0x00000249a8616000 Exception <a 'java/lang/ClassNotFoundException'{0x0000000088583a10}: java/lang/ObjectCustomizer> (0x0000000088583a10) thrown at [t:/workspace/open/src/hotspot/share/classfile/systemDictionary.cpp, line 233]

Events (10 events):
Event: 7.755 Thread 0x00000249a8616000 DEOPT PACKING pc=0x00000249b40d6b14 sp=0x000000f753afa670
Event: 7.755 Thread 0x00000249a8616000 DEOPT UNPACKING pc=0x00000249b39dcd4e sp=0x000000f753af9b08 mode 1
Event: 7.755 Thread 0x00000249a8616000 DEOPT PACKING pc=0x00000249b40cb554 sp=0x000000f753afa740
Event: 7.755 Thread 0x00000249a8616000 DEOPT UNPACKING pc=0x00000249b39dcd4e sp=0x000000f753af9bf8 mode 1
Event: 7.755 Thread 0x00000249a8616000 DEOPT PACKING pc=0x00000249b40a25bc sp=0x000000f753afb1e0
Event: 7.755 Thread 0x00000249a8616000 DEOPT UNPACKING pc=0x00000249b39dcd4e sp=0x000000f753afa6b8 mode 1
Event: 7.755 Thread 0x00000249a8616000 DEOPT PACKING pc=0x00000249b4a6c424 sp=0x000000f753afb280
Event: 7.755 Thread 0x00000249a8616000 DEOPT UNPACKING pc=0x00000249b39dcd4e sp=0x000000f753afa730 mode 1
Event: 7.755 loading class org/springframework/web/servlet/config/annotation/WebMvcConfigurationSupportCustomizer
Event: 7.755 loading class org/springframework/web/servlet/config/annotation/WebMvcConfigurationSupportCustomizer done


Dynamic libraries:
0x00007ff717b30000 - 0x00007ff717b6e000 	C:\Program Files\Java\jdk-10.0.1\bin\java.exe
0x00007ffe239b0000 - 0x00007ffe23ba5000 	C:\WINDOWS\SYSTEM32\ntdll.dll
0x00007ffe238b0000 - 0x00007ffe2396d000 	C:\WINDOWS\System32\KERNEL32.DLL
0x00007ffe21670000 - 0x00007ffe21938000 	C:\WINDOWS\System32\KERNELBASE.dll
0x00007ffe23700000 - 0x00007ffe237ac000 	C:\WINDOWS\System32\ADVAPI32.dll
0x00007ffe22570000 - 0x00007ffe2260e000 	C:\WINDOWS\System32\msvcrt.dll
0x00007ffe237b0000 - 0x00007ffe2384b000 	C:\WINDOWS\System32\sechost.dll
0x00007ffe21c40000 - 0x00007ffe21d6b000 	C:\WINDOWS\System32\RPCRT4.dll
0x00007ffe22d60000 - 0x00007ffe22f00000 	C:\WINDOWS\System32\USER32.dll
0x00007ffe219e0000 - 0x00007ffe21a02000 	C:\WINDOWS\System32\win32u.dll
0x00007ffe21c10000 - 0x00007ffe21c3a000 	C:\WINDOWS\System32\GDI32.dll
0x00007ffe210f0000 - 0x00007ffe211fb000 	C:\WINDOWS\System32\gdi32full.dll
0x00007ffe21940000 - 0x00007ffe219dd000 	C:\WINDOWS\System32\msvcp_win.dll
0x00007ffe21440000 - 0x00007ffe21540000 	C:\WINDOWS\System32\ucrtbase.dll
0x00007ffe10620000 - 0x00007ffe108ba000 	C:\WINDOWS\WinSxS\amd64_microsoft.windows.common-controls_6595b64144ccf1df_6.0.19041.844_none_ca00b6081b84eb1d\COMCTL32.dll
0x00007ffe13350000 - 0x00007ffe1335a000 	C:\WINDOWS\SYSTEM32\VERSION.dll
0x00007ffe21f30000 - 0x00007ffe21f60000 	C:\WINDOWS\System32\IMM32.DLL
0x00007ffdeb080000 - 0x00007ffdeb16f000 	C:\Program Files\Java\jdk-10.0.1\bin\msvcr120.dll
0x00007ffdeafd0000 - 0x00007ffdeb076000 	C:\Program Files\Java\jdk-10.0.1\bin\msvcp120.dll
0x0000000076a80000 - 0x00000000774f0000 	C:\Program Files\Java\jdk-10.0.1\bin\server\jvm.dll
0x00007ffe21de0000 - 0x00007ffe21de8000 	C:\WINDOWS\System32\PSAPI.DLL
0x00007ffe01b30000 - 0x00007ffe01b39000 	C:\WINDOWS\SYSTEM32\WSOCK32.dll
0x00007ffe21ec0000 - 0x00007ffe21f2b000 	C:\WINDOWS\System32\WS2_32.dll
0x00007ffe11980000 - 0x00007ffe119a7000 	C:\WINDOWS\SYSTEM32\WINMM.dll
0x00007ffe1a960000 - 0x00007ffe1a96f000 	C:\Program Files\Java\jdk-10.0.1\bin\verify.dll
0x00007ffe1eef0000 - 0x00007ffe1f0d4000 	C:\WINDOWS\SYSTEM32\DBGHELP.DLL
0x00007ffe0f1a0000 - 0x00007ffe0f1cc000 	C:\WINDOWS\SYSTEM32\dbgcore.DLL
0x00007ffe21540000 - 0x00007ffe215c0000 	C:\WINDOWS\System32\bcryptPrimitives.dll
0x00007ffe188f0000 - 0x00007ffe18917000 	C:\Program Files\Java\jdk-10.0.1\bin\java.dll
0x00007ffe18a30000 - 0x00007ffe18a66000 	C:\Program Files\Java\jdk-10.0.1\bin\jdwp.dll
0x00007ffe10400000 - 0x00007ffe1042a000 	C:\Program Files\Java\jdk-10.0.1\bin\instrument.dll
0x00007ffe08510000 - 0x00007ffe08526000 	C:\Program Files\Java\jdk-10.0.1\bin\zip.dll
0x00007ffe191a0000 - 0x00007ffe191aa000 	C:\Program Files\Java\jdk-10.0.1\bin\jimage.dll
0x00007ffe22f00000 - 0x00007ffe23642000 	C:\WINDOWS\System32\SHELL32.dll
0x00007ffe1f100000 - 0x00007ffe1f890000 	C:\WINDOWS\SYSTEM32\windows.storage.dll
0x00007ffe22a00000 - 0x00007ffe22d55000 	C:\WINDOWS\System32\combase.dll
0x00007ffe20b60000 - 0x00007ffe20b8c000 	C:\WINDOWS\SYSTEM32\Wldp.dll
0x00007ffe22460000 - 0x00007ffe2250e000 	C:\WINDOWS\System32\SHCORE.dll
0x00007ffe23850000 - 0x00007ffe238a5000 	C:\WINDOWS\System32\shlwapi.dll
0x00007ffe21030000 - 0x00007ffe2104f000 	C:\WINDOWS\SYSTEM32\profapi.dll
0x00007ffe1b430000 - 0x00007ffe1b43a000 	C:\Program Files\Java\jdk-10.0.1\bin\dt_socket.dll
0x00007ffe208d0000 - 0x00007ffe2093a000 	C:\WINDOWS\system32\mswsock.dll
0x00007ffe083c0000 - 0x00007ffe083da000 	C:\Program Files\Java\jdk-10.0.1\bin\net.dll
0x00007ffe162f0000 - 0x00007ffe163fb000 	C:\WINDOWS\SYSTEM32\WINHTTP.dll
0x00007ffe079d0000 - 0x00007ffe079e1000 	C:\Program Files\Java\jdk-10.0.1\bin\nio.dll
0x00007ffe19110000 - 0x00007ffe19119000 	C:\Program Files\Java\jdk-10.0.1\bin\management.dll
0x00007ffe190f0000 - 0x00007ffe190fa000 	C:\Program Files\Java\jdk-10.0.1\bin\management_ext.dll
0x00007ffdf3550000 - 0x00007ffdf3567000 	C:\WINDOWS\system32\napinsp.dll
0x00007ffdf3530000 - 0x00007ffdf354b000 	C:\WINDOWS\system32\pnrpnsp.dll
0x00007ffe1b840000 - 0x00007ffe1b855000 	C:\WINDOWS\system32\wshbth.dll
0x00007ffe1c3b0000 - 0x00007ffe1c3cd000 	C:\WINDOWS\system32\NLAapi.dll
0x00007ffe20570000 - 0x00007ffe205ab000 	C:\WINDOWS\SYSTEM32\IPHLPAPI.DLL
0x00007ffe205b0000 - 0x00007ffe2067c000 	C:\WINDOWS\SYSTEM32\DNSAPI.dll
0x00007ffe21dd0000 - 0x00007ffe21dd8000 	C:\WINDOWS\System32\NSI.dll
0x00007ffdf3510000 - 0x00007ffdf3522000 	C:\WINDOWS\System32\winrnr.dll
0x00007ffe19420000 - 0x00007ffe1942a000 	C:\Windows\System32\rasadhlp.dll
0x00007ffe148d0000 - 0x00007ffe1494f000 	C:\WINDOWS\System32\fwpuclnt.dll
0x00007ffe21410000 - 0x00007ffe21437000 	C:\WINDOWS\System32\bcrypt.dll
0x00007ffe19450000 - 0x00007ffe19467000 	C:\WINDOWS\SYSTEM32\dhcpcsvc6.DLL
0x00007ffe19430000 - 0x00007ffe1944d000 	C:\WINDOWS\SYSTEM32\dhcpcsvc.DLL
0x0000000180000000 - 0x0000000180282000 	C:\Windows\System32\tcnative-1.dll
0x00007ffe21250000 - 0x00007ffe213af000 	C:\WINDOWS\System32\CRYPT32.dll

dbghelp: loaded successfully - version: 4.0.5 - missing functions: none
symbol engine: initialized successfully - sym options: 0x614 - pdb path: .;C:\Program Files\Java\jdk-10.0.1\bin;C:\WINDOWS\SYSTEM32;C:\WINDOWS\WinSxS\amd64_microsoft.windows.common-controls_6595b64144ccf1df_6.0.19041.844_none_ca00b6081b84eb1d;C:\Program Files\Java\jdk-10.0.1\bin\server

VM Arguments:
jvm_args: -agentlib:jdwp=transport=dt_socket,address=127.0.0.1:12233,suspend=y,server=n -ea -Didea.test.cyclic.buffer.size=1048576 -javaagent:C:\Users\王\.IntelliJIdea2019.3\system\captureAgent\debugger-agent.jar -Dfile.encoding=UTF-8 
java_command: com.intellij.rt.junit.JUnitStarter -ideVersion5 -junit5 com.viviwilliam.mmall.service.impl.ProductCategoryServiceImplTest,getAllProductCategoryVO
java_class_path (initial): E:\IntelliJ IDEA 2019.3.1\lib\idea_rt.jar;E:\IntelliJ IDEA 2019.3.1\plugins\junit\lib\junit5-rt.jar;E:\IntelliJ IDEA 2019.3.1\plugins\junit\lib\junit-rt.jar;D:\code\java\2020-sipc-practice-master\2020-sipc-practice-master\mmall\target\test-classes;D:\code\java\2020-sipc-practice-master\2020-sipc-practice-master\mmall\target\classes;C:\Users\王\.m2\repository\org\springframework\boot\spring-boot-starter-thymeleaf\2.5.0\spring-boot-starter-thymeleaf-2.5.0.jar;C:\Users\王\.m2\repository\org\springframework\boot\spring-boot-starter\2.5.0\spring-boot-starter-2.5.0.jar;C:\Users\王\.m2\repository\org\springframework\boot\spring-boot\2.5.0\spring-boot-2.5.0.jar;C:\Users\王\.m2\repository\org\springframework\boot\spring-boot-starter-logging\2.5.0\spring-boot-starter-logging-2.5.0.jar;C:\Users\王\.m2\repository\ch\qos\logback\logback-classic\1.2.3\logback-classic-1.2.3.jar;C:\Users\王\.m2\repository\ch\qos\logback\logback-core\1.2.3\logback-core-1.2.3.jar;C:\Users\王\.m2\repository\org\apache\logging\log4j\log4j-to-slf4j\2.14.1\log4j-to-slf4j-2.14.1.jar;C:\Users\王\.m2\repository\org\apache\logging\log4j\log4j-api\2.14.1\log4j-api-2.14.1.jar;C:\Users\王\.m2\repository\org\slf4j\jul-to-slf4j\1.7.30\jul-to-slf4j-1.7.30.jar;C:\Users\王\.m2\repository\jakarta\annotation\jakarta.annotation-api\1.3.5\jakarta.annotation-api-1.3.5.jar;C:\Users\王\.m2\repository\org\yaml\snakeyaml\1.28\snakeyaml-1.28.jar;C:\Users\王\.m2\repository\org\thymeleaf\thymeleaf-spring5\3.0.12.RELEASE\thymeleaf-spring5-3.0.12.RELEASE.jar;C:\Users\王\.m2\repository\org\thymeleaf\thymeleaf\3.0.12.RELEASE\thymeleaf-3.0.12.RELEASE.jar;C:\Users\王\.m2\repository\org\attoparser\attoparser\2.0.5.RELEASE\attoparser-2.0.5.RELEASE.jar;C:\Users\王\.m2\repository\org\unbescape\unbescape\1.1.6.RELEASE\unbescape-1.1.6.RELEASE.jar;C:\Users\王\.m2\repository\org\slf4j\slf4j-api\1.7.30\slf4j-api-1.7.30.jar;C:\Users\王\.m2\repository\org\thymeleaf\extras\thymeleaf-extras-java8time\3.0.4.RELEASE\thy
Launcher Type: SUN_STANDARD

Logging:
Log output configuration:
#0: stdout all=warning uptime,level,tags
#1: stderr all=off uptime,level,tags

Environment Variables:
JAVA_HOME=C:\Program Files\Java\jdk-10.0.1
CLASSPATH=.;.;C:\PROGRA~2\JMF21~1.1E\lib\sound.jar;C:\PROGRA~2\JMF21~1.1E\lib\jmf.jar;C:\PROGRA~2\JMF21~1.1E\lib;
PATH=C:\Program Files\Java\jdk-10.0.1\jre\bin;C:\Program Files\Java\jdk-10.0.1\bin;E:\Xshell\;C:\Program Files (x86)\Common Files\Intel\Shared Libraries\redist\intel64\compiler;C:\ProgramData\Oracle\Java\javapath;C:\Program Files (x86)\Common Files\Oracle\Java\javapath;C:\Program Files\Microsoft MPI\Bin\;C:\Windows\Microsoft.NET\Framework\v4.0.30319;C:\Program Files\dotnet\;C:\Program Files (x86)\Windows Kits\10\Windows Performance Toolkit\;C:\Program Files\Git\cmd;C:\Program Files (x86)\GtkSharp\2.12\bin;c:\windows\system32;C:\WINDOWS\system32;C:\WINDOWS;C:\WINDOWS\System32\Wbem;C:\WINDOWS\System32\WindowsPowerShell\v1.0\;C:\WINDOWS\System32\OpenSSH\;E:\Matlab\runtime\win64;E:\Matlab\bin;E:\mysql-8.0.12-winx64\bin;F:\opencv\build\java\x64;C:\Users\王\AppData\Roaming\Python\Python36\Scripts;C:\Program Files (x86)\Windows Live\Shared;E:\Maven\apache-maven-3.6.1\bin;C:\Program Files\Microsoft SQL Server\Client SDK\ODBC\130\Tools\Binn\;C:\Program Files (x86)\Microsoft SQL Server\140\Tools\Binn\;C:\Program Files\Microsoft SQL Server\140\Tools\Binn\;C:\Program Files\Microsoft SQL Server\140\DTS\Binn\;E:\Python\Scripts\pip3.exe;E:\Python\;E:\Python\Lib\site-packages\django;E:\Python\Scripts;C:\Program Files\nodejs\;E:\apache-tomcat-9.0.31\bin;E:\apache-tomcat-9.0.31\lib;C:\Users\王\.cargo\bin;E:\Ruby26-x64\bin;E:\Python\Scripts\;E:\Python\;C:\Users\王\AppData\Local\Microsoft\WindowsApps;G:\Fiddler;G:\Microsoft VS Code\bin;E:\IntelliJ IDEA 2019.3.1\bin;C:\Users\王\AppData\Roaming\npm;E:\WebStorm 2019.3.1\bin;C:\Users\王\AppData\Local\atom\bin;%USERPROFILE%\AppData\Local\Microsoft\WindowsApps;
USERNAME=王
OS=Windows_NT
PROCESSOR_IDENTIFIER=Intel64 Family 6 Model 94 Stepping 3, GenuineIntel



---------------  S Y S T E M  ---------------

OS: Windows 10 , 64 bit Build 19041 (10.0.19041.928)

CPU:total 4 (initial active 4) (4 cores per cpu, 1 threads per core) family 6 model 94 stepping 3, cmov, cx8, fxsr, mmx, sse, sse2, sse3, ssse3, sse4.1, sse4.2, popcnt, avx, avx2, aes, clmul, erms, rtm, 3dnowpref, lzcnt, tsc, tscinvbit, bmi1, bmi2, adx, fma

Memory: 4k page, physical 8281976k(786776k free), swap 14573432k(5172k free)

vm_info: Java HotSpot(TM) 64-Bit Server VM (10.0.1+10) for windows-amd64 JRE (10.0.1+10), built on Mar 27 2018 02:27:48 by "mach5one" with MS VC++ 12.0 (VS2013)

END.
